2026-05-04 05:14:57  INFO      features.kite_broker_ws              [kite_broker_ws] common credentials set api_key=h283rtgbdfbdwr3f
2026-05-04 05:14:58  INFO      features.kite_broker_ws              [kite_broker_ws] common credentials set api_key=h283rtgbdfbdwr3f
2026-05-04 05:14:58  INFO      features.spot_historical_data        [spot_hist] NIFTY token=NSE_01 rows=374
2026-05-04 05:14:59  INFO      features.spot_historical_data        [spot_hist] VIX rows=375
2026-05-04 05:15:00  INFO      features.spot_historical_data        [spot_hist] NIFTY token=NSE_01 rows=374
2026-05-04 05:15:00  INFO      features.spot_historical_data        [spot_hist] VIX rows=375
2026-05-04 05:15:00  INFO      features.kite_broker_ws              [kite_broker_ws] common credentials set api_key=h283rtgbdfbdwr3f
2026-05-04 05:15:01  INFO      features.kite_broker_ws              [kite_broker_ws] common credentials set api_key=h283rtgbdfbdwr3f
2026-05-04 05:17:43  WARNING   features.execution_socket            [ENTRY IV/VIX] leg=k49do8lv mode=algo-backtest chain_doc_iv=0.1550362 mode_payload_chain_iv=0.0 entry_iv=0.1550362 entry_vix=12.7 chain_doc_keys=['close', 'delta', 'expiry', 'gamma', 'iv', 'oi', 'rho', 'strike', 'theta', 'timestamp', 'token', 'type', 'underlying', 'vega', 'ltp', 'current_price', 'price', 'last_price']
2026-05-04 05:17:43  WARNING   features.execution_socket            [ENTRY IV/VIX] leg=ttx2772l mode=algo-backtest chain_doc_iv=0.1550362 mode_payload_chain_iv=0.0 entry_iv=0.1550362 entry_vix=12.7 chain_doc_keys=['close', 'delta', 'expiry', 'gamma', 'iv', 'oi', 'rho', 'strike', 'theta', 'timestamp', 'token', 'type', 'underlying', 'vega', 'ltp', 'current_price', 'price', 'last_price']
2026-05-04 05:17:44  INFO      features.kite_broker_ws              [kite_broker_ws] common credentials set api_key=h283rtgbdfbdwr3f
2026-05-04 05:17:44  INFO      features.kite_broker_ws              [kite_broker_ws] common credentials set api_key=h283rtgbdfbdwr3f
2026-05-04 05:17:56  INFO      features.kite_broker_ws              [kite_broker_ws] common credentials set api_key=h283rtgbdfbdwr3f
2026-05-04 05:17:56  INFO      features.kite_broker_ws              [kite_broker_ws] common credentials set api_key=h283rtgbdfbdwr3f
2026-05-04 05:18:09  INFO      features.kite_broker_ws              [kite_broker_ws] common credentials set api_key=h283rtgbdfbdwr3f
2026-05-04 05:18:09  INFO      features.kite_broker_ws              [kite_broker_ws] common credentials set api_key=h283rtgbdfbdwr3f
2026-05-04 05:18:23  INFO      db_activity                          [DB WRITE]  col=algo_trades  op=close_leg  id=exec_19df03d709d64fbc463  leg_id=ttx2772l  exit_reason=stoploss  exit_price=94.55  ts=2025-11-03T09:18:00
2026-05-04 05:18:23  INFO      features.kite_broker_ws              [kite_broker_ws] common credentials set api_key=h283rtgbdfbdwr3f
2026-05-04 05:23:37  INFO      features.app_logger                  Logging initialised — log dir: /home/ashok-innoppl/Documents/option-algo/backend/logs
2026-05-04 05:23:37  INFO      db_activity                          [DB CONNECT INIT] db=stock_data connect_init_ms=7.26 target=local
2026-05-04 05:23:37  ERROR     db_activity                          [DB QUERY ERROR] method=ensure_index collection=saved_strategies query_ms=14.64 db=stock_data target=local collection=saved_strategies index=uniq_strategy_name error={'ok':_0.0,_'errmsg':_'Index_build_failed:_a0290da0-f935-4a0d-ab46-3e0509724fd5:_Collection_stock_data.saved_strategies_(_605cf89b-7fb8-4f8d-ae1a-81e8757ba529_)_::_caused_by_::_E11000_duplicate_key_error_collection:_stock_data.saved_strategies_index:_uniq_strategy_name_dup_key:_{_name:_"n_new"_}',_'code':_11000,_'codeName':_'DuplicateKey',_'keyPattern':_{'name':_1},_'keyValue':_{'name':_'n_new'}}
2026-05-04 05:23:37  WARNING   db_activity                          [DB INDEX WARN] db=stock_data target=local error=Index build failed: a0290da0-f935-4a0d-ab46-3e0509724fd5: Collection stock_data.saved_strategies ( 605cf89b-7fb8-4f8d-ae1a-81e8757ba529 ) :: caused by :: E11000 duplicate key error collection: stock_data.saved_strategies index: uniq_strategy_name dup key: { name: "n new" }, full error: {'ok': 0.0, 'errmsg': 'Index build failed: a0290da0-f935-4a0d-ab46-3e0509724fd5: Collection stock_data.saved_strategies ( 605cf89b-7fb8-4f8d-ae1a-81e8757ba529 ) :: caused by :: E11000 duplicate key error collection: stock_data.saved_strategies index: uniq_strategy_name dup key: { name: "n new" }', 'code': 11000, 'codeName': 'DuplicateKey', 'keyPattern': {'name': 1}, 'keyValue': {'name': 'n new'}}
2026-05-04 05:23:41  INFO      features.kite_broker_ws              [kite_broker_ws] common credentials set api_key=h283rtgbdfbdwr3f
2026-05-04 05:24:35  INFO      features.kite_broker_ws              [kite_broker_ws] common credentials set api_key=h283rtgbdfbdwr3f
2026-05-04 05:24:39  INFO      features.kite_broker_ws              [kite_broker_ws] common credentials set api_key=h283rtgbdfbdwr3f
2026-05-04 05:25:30  INFO      features.kite_broker_ws              [kite_broker_ws] common credentials set api_key=h283rtgbdfbdwr3f
2026-05-04 05:26:20  INFO      features.kite_broker_ws              [kite_broker_ws] common credentials set api_key=h283rtgbdfbdwr3f
2026-05-04 05:28:35  INFO      features.kite_broker_ws              [kite_broker_ws] common credentials set api_key=h283rtgbdfbdwr3f
2026-05-04 05:28:36  INFO      features.kite_broker_ws              [kite_broker_ws] common credentials set api_key=h283rtgbdfbdwr3f
2026-05-04 05:29:01  INFO      features.kite_broker_ws              [kite_broker_ws] common credentials set api_key=h283rtgbdfbdwr3f
2026-05-04 05:29:01  INFO      features.kite_broker_ws              [kite_broker_ws] common credentials set api_key=h283rtgbdfbdwr3f
2026-05-04 05:29:08  INFO      features.kite_broker_ws              [kite_broker_ws] common credentials set api_key=h283rtgbdfbdwr3f
2026-05-04 05:29:37  INFO      features.kite_broker_ws              [kite_broker_ws] common credentials set api_key=h283rtgbdfbdwr3f
2026-05-04 05:29:52  INFO      features.kite_broker_ws              [kite_broker_ws] common credentials set api_key=h283rtgbdfbdwr3f
2026-05-04 05:30:31  INFO      features.kite_broker_ws              [kite_broker_ws] common credentials set api_key=h283rtgbdfbdwr3f
2026-05-04 05:30:31  INFO      features.kite_broker_ws              [kite_broker_ws] common credentials set api_key=h283rtgbdfbdwr3f
2026-05-04 05:30:42  INFO      features.kite_broker_ws              [kite_broker_ws] common credentials set api_key=h283rtgbdfbdwr3f
2026-05-04 05:30:42  INFO      features.kite_broker_ws              [kite_broker_ws] common credentials set api_key=h283rtgbdfbdwr3f
2026-05-04 05:30:51  INFO      features.kite_broker_ws              [kite_broker_ws] common credentials set api_key=h283rtgbdfbdwr3f
2026-05-04 05:30:51  INFO      features.kite_broker_ws              [kite_broker_ws] common credentials set api_key=h283rtgbdfbdwr3f
2026-05-04 05:31:31  INFO      features.kite_broker_ws              [kite_broker_ws] common credentials set api_key=h283rtgbdfbdwr3f
2026-05-04 05:31:31  INFO      features.kite_broker_ws              [kite_broker_ws] common credentials set api_key=h283rtgbdfbdwr3f
2026-05-04 05:32:29  WARNING   features.execution_socket            [ENTRY IV/VIX] leg=k49do8lv mode=algo-backtest chain_doc_iv=0.1550362 mode_payload_chain_iv=0.0 entry_iv=0.1550362 entry_vix=12.7 chain_doc_keys=['close', 'delta', 'expiry', 'gamma', 'iv', 'oi', 'rho', 'strike', 'theta', 'timestamp', 'token', 'type', 'underlying', 'vega', 'ltp', 'current_price', 'price', 'last_price']
2026-05-04 05:32:29  WARNING   features.execution_socket            [ENTRY IV/VIX] leg=ttx2772l mode=algo-backtest chain_doc_iv=0.1550362 mode_payload_chain_iv=0.0 entry_iv=0.1550362 entry_vix=12.7 chain_doc_keys=['close', 'delta', 'expiry', 'gamma', 'iv', 'oi', 'rho', 'strike', 'theta', 'timestamp', 'token', 'type', 'underlying', 'vega', 'ltp', 'current_price', 'price', 'last_price']
2026-05-04 05:32:29  INFO      features.kite_broker_ws              [kite_broker_ws] common credentials set api_key=h283rtgbdfbdwr3f
2026-05-04 05:32:30  INFO      features.kite_broker_ws              [kite_broker_ws] common credentials set api_key=h283rtgbdfbdwr3f
2026-05-04 05:32:31  INFO      db_activity                          [DB WRITE]  col=algo_trades  op=close_leg  id=exec_19df04b107f64fbc463  leg_id=ttx2772l  exit_reason=stoploss  exit_price=94.55  ts=2025-11-03T09:18:00
2026-05-04 05:32:31  INFO      features.kite_broker_ws              [kite_broker_ws] common credentials set api_key=h283rtgbdfbdwr3f
2026-05-04 05:32:31  INFO      features.kite_broker_ws              [kite_broker_ws] common credentials set api_key=h283rtgbdfbdwr3f
2026-05-04 05:32:40  INFO      features.kite_broker_ws              [kite_broker_ws] common credentials set api_key=h283rtgbdfbdwr3f
2026-05-04 05:32:41  INFO      features.kite_broker_ws              [kite_broker_ws] common credentials set api_key=h283rtgbdfbdwr3f
2026-05-04 05:33:02  INFO      features.kite_broker_ws              [kite_broker_ws] common credentials set api_key=h283rtgbdfbdwr3f
2026-05-04 05:33:02  INFO      features.kite_broker_ws              [kite_broker_ws] common credentials set api_key=h283rtgbdfbdwr3f
2026-05-04 05:33:21  INFO      features.kite_broker_ws              [kite_broker_ws] common credentials set api_key=h283rtgbdfbdwr3f
2026-05-04 05:33:21  INFO      features.kite_broker_ws              [kite_broker_ws] common credentials set api_key=h283rtgbdfbdwr3f
2026-05-04 05:33:32  INFO      features.kite_broker_ws              [kite_broker_ws] common credentials set api_key=h283rtgbdfbdwr3f
2026-05-04 05:33:32  INFO      features.kite_broker_ws              [kite_broker_ws] common credentials set api_key=h283rtgbdfbdwr3f
2026-05-04 05:33:32  INFO      features.kite_broker_ws              [kite_broker_ws] common credentials set api_key=h283rtgbdfbdwr3f
2026-05-04 05:33:32  INFO      features.kite_broker_ws              [kite_broker_ws] common credentials set api_key=h283rtgbdfbdwr3f
2026-05-04 05:35:39  INFO      features.kite_broker_ws              [kite_broker_ws] common credentials set api_key=h283rtgbdfbdwr3f
2026-05-04 05:35:40  INFO      features.kite_broker_ws              [kite_broker_ws] common credentials set api_key=h283rtgbdfbdwr3f
2026-05-04 05:37:54  WARNING   features.execution_socket            [ENTRY IV/VIX] leg=k49do8lv mode=algo-backtest chain_doc_iv=0.1550362 mode_payload_chain_iv=0.0 entry_iv=0.1550362 entry_vix=12.7 chain_doc_keys=['close', 'delta', 'expiry', 'gamma', 'iv', 'oi', 'rho', 'strike', 'theta', 'timestamp', 'token', 'type', 'underlying', 'vega', 'ltp', 'current_price', 'price', 'last_price']
2026-05-04 05:37:54  WARNING   features.execution_socket            [ENTRY IV/VIX] leg=ttx2772l mode=algo-backtest chain_doc_iv=0.1550362 mode_payload_chain_iv=0.0 entry_iv=0.1550362 entry_vix=12.7 chain_doc_keys=['close', 'delta', 'expiry', 'gamma', 'iv', 'oi', 'rho', 'strike', 'theta', 'timestamp', 'token', 'type', 'underlying', 'vega', 'ltp', 'current_price', 'price', 'last_price']
2026-05-04 05:38:22  INFO      db_activity                          [DB WRITE]  col=algo_trades  op=close_leg  id=exec_19df050028664fbc463  leg_id=ttx2772l  exit_reason=stoploss  exit_price=94.55  ts=2025-11-03T09:18:00
2026-05-04 05:48:33  WARNING   features.execution_socket            [ENTRY IV/VIX] leg=k49do8lv mode=algo-backtest chain_doc_iv=0.15952313 mode_payload_chain_iv=0.0 entry_iv=0.15952313 entry_vix=12.79 chain_doc_keys=['close', 'delta', 'expiry', 'gamma', 'iv', 'oi', 'rho', 'strike', 'theta', 'timestamp', 'token', 'type', 'underlying', 'vega', 'ltp', 'current_price', 'price', 'last_price']
2026-05-04 05:48:33  WARNING   features.execution_socket            [ENTRY IV/VIX] leg=ttx2772l mode=algo-backtest chain_doc_iv=0.15952313 mode_payload_chain_iv=0.0 entry_iv=0.15952313 entry_vix=12.79 chain_doc_keys=['close', 'delta', 'expiry', 'gamma', 'iv', 'oi', 'rho', 'strike', 'theta', 'timestamp', 'token', 'type', 'underlying', 'vega', 'ltp', 'current_price', 'price', 'last_price']
2026-05-04 05:48:33  WARNING   features.execution_socket            [ENTRY IV/VIX] leg=u2xwkkqr mode=algo-backtest chain_doc_iv=0.16025537 mode_payload_chain_iv=0.0 entry_iv=0.16025537 entry_vix=12.79 chain_doc_keys=['_id', 'close', 'delta', 'expiry', 'gamma', 'iv', 'oi', 'rho', 'strike', 'theta', 'timestamp', 'token', 'type', 'underlying', 'vega', 'ltp', 'current_price', 'price', 'last_price']
2026-05-04 05:48:34  WARNING   features.execution_socket            [ENTRY IV/VIX] leg=dw2x06yz mode=algo-backtest chain_doc_iv=0.1587613 mode_payload_chain_iv=0.0 entry_iv=0.1587613 entry_vix=12.79 chain_doc_keys=['_id', 'close', 'delta', 'expiry', 'gamma', 'iv', 'oi', 'rho', 'strike', 'theta', 'timestamp', 'token', 'type', 'underlying', 'vega', 'ltp', 'current_price', 'price', 'last_price']
2026-05-04 05:50:44  INFO      features.notification_manager        Trail SL rotated leg=k49do8lv step=1: ₹125.42 → ₹120.42
2026-05-04 05:50:44  INFO      features.notification_manager        Trail SL rotated leg=u2xwkkqr step=1: ₹154.93 → ₹149.93
2026-05-04 06:01:46  WARNING   features.execution_socket            [ENTRY IV/VIX] leg=k49do8lv mode=algo-backtest chain_doc_iv=0.1550362 mode_payload_chain_iv=0.0 entry_iv=0.1550362 entry_vix=12.7 chain_doc_keys=['close', 'delta', 'expiry', 'gamma', 'iv', 'oi', 'rho', 'strike', 'theta', 'timestamp', 'token', 'type', 'underlying', 'vega', 'ltp', 'current_price', 'price', 'last_price']
2026-05-04 06:01:46  WARNING   features.execution_socket            [ENTRY IV/VIX] leg=ttx2772l mode=algo-backtest chain_doc_iv=0.1550362 mode_payload_chain_iv=0.0 entry_iv=0.1550362 entry_vix=12.7 chain_doc_keys=['close', 'delta', 'expiry', 'gamma', 'iv', 'oi', 'rho', 'strike', 'theta', 'timestamp', 'token', 'type', 'underlying', 'vega', 'ltp', 'current_price', 'price', 'last_price']
2026-05-04 06:07:55  INFO      db_activity                          [DB WRITE]  col=algo_trades  op=close_leg  id=exec_19df065932f64fbc463  leg_id=ttx2772l  exit_reason=stoploss  exit_price=94.55  ts=2025-11-03T09:18:00
2026-05-04 06:12:28  WARNING   features.execution_socket            [ENTRY IV/VIX] leg=k49do8lv mode=algo-backtest chain_doc_iv=0.14996076 mode_payload_chain_iv=0.0 entry_iv=0.14996076 entry_vix=12.74 chain_doc_keys=['close', 'delta', 'expiry', 'gamma', 'iv', 'oi', 'rho', 'strike', 'theta', 'timestamp', 'token', 'type', 'underlying', 'vega', 'ltp', 'current_price', 'price', 'last_price']
2026-05-04 06:12:28  WARNING   features.execution_socket            [ENTRY IV/VIX] leg=ttx2772l mode=algo-backtest chain_doc_iv=0.14996076 mode_payload_chain_iv=0.0 entry_iv=0.14996076 entry_vix=12.74 chain_doc_keys=['close', 'delta', 'expiry', 'gamma', 'iv', 'oi', 'rho', 'strike', 'theta', 'timestamp', 'token', 'type', 'underlying', 'vega', 'ltp', 'current_price', 'price', 'last_price']
2026-05-04 06:17:05  INFO      features.notification_manager        Trail SL rotated leg=k49do8lv step=1: ₹130.91 → ₹125.91
2026-05-04 06:18:05  INFO      features.notification_manager        Trail SL rotated leg=k49do8lv step=1: ₹145.36 → ₹140.36
2026-05-04 06:26:22  WARNING   features.execution_socket            [ENTRY IV/VIX] leg=k49do8lv mode=algo-backtest chain_doc_iv=0.1550362 mode_payload_chain_iv=0.0 entry_iv=0.1550362 entry_vix=12.7 chain_doc_keys=['close', 'delta', 'expiry', 'gamma', 'iv', 'oi', 'rho', 'strike', 'theta', 'timestamp', 'token', 'type', 'underlying', 'vega', 'ltp', 'current_price', 'price', 'last_price']
2026-05-04 06:26:22  WARNING   features.execution_socket            [ENTRY IV/VIX] leg=ttx2772l mode=algo-backtest chain_doc_iv=0.1550362 mode_payload_chain_iv=0.0 entry_iv=0.1550362 entry_vix=12.7 chain_doc_keys=['close', 'delta', 'expiry', 'gamma', 'iv', 'oi', 'rho', 'strike', 'theta', 'timestamp', 'token', 'type', 'underlying', 'vega', 'ltp', 'current_price', 'price', 'last_price']
2026-05-04 06:26:41  INFO      db_activity                          [DB WRITE]  col=algo_trades  op=close_leg  id=exec_19df07c13cb64fbc463  leg_id=ttx2772l  exit_reason=stoploss  exit_price=94.55  ts=2025-11-03T09:18:00
2026-05-04 06:33:06  WARNING   features.execution_socket            [ENTRY IV/VIX] leg=k49do8lv mode=algo-backtest chain_doc_iv=0.15476112 mode_payload_chain_iv=0.0 entry_iv=0.15476112 entry_vix=12.75 chain_doc_keys=['close', 'delta', 'expiry', 'gamma', 'iv', 'oi', 'rho', 'strike', 'theta', 'timestamp', 'token', 'type', 'underlying', 'vega', 'ltp', 'current_price', 'price', 'last_price']
2026-05-04 06:33:06  WARNING   features.execution_socket            [ENTRY IV/VIX] leg=ttx2772l mode=algo-backtest chain_doc_iv=0.15476112 mode_payload_chain_iv=0.0 entry_iv=0.15476112 entry_vix=12.75 chain_doc_keys=['close', 'delta', 'expiry', 'gamma', 'iv', 'oi', 'rho', 'strike', 'theta', 'timestamp', 'token', 'type', 'underlying', 'vega', 'ltp', 'current_price', 'price', 'last_price']
2026-05-04 06:40:24  INFO      features.notification_manager        Trail SL rotated leg=k49do8lv step=1: ₹130.91 → ₹125.91
2026-05-04 06:42:13  WARNING   features.execution_socket            [ENTRY IV/VIX] leg=k49do8lv mode=algo-backtest chain_doc_iv=0.1550362 mode_payload_chain_iv=0.0 entry_iv=0.1550362 entry_vix=12.7 chain_doc_keys=['close', 'delta', 'expiry', 'gamma', 'iv', 'oi', 'rho', 'strike', 'theta', 'timestamp', 'token', 'type', 'underlying', 'vega', 'ltp', 'current_price', 'price', 'last_price']
2026-05-04 06:42:13  WARNING   features.execution_socket            [ENTRY IV/VIX] leg=ttx2772l mode=algo-backtest chain_doc_iv=0.1550362 mode_payload_chain_iv=0.0 entry_iv=0.1550362 entry_vix=12.7 chain_doc_keys=['close', 'delta', 'expiry', 'gamma', 'iv', 'oi', 'rho', 'strike', 'theta', 'timestamp', 'token', 'type', 'underlying', 'vega', 'ltp', 'current_price', 'price', 'last_price']
2026-05-04 06:42:24  INFO      db_activity                          [DB WRITE]  col=algo_trades  op=close_leg  id=exec_19df08aad2964fbc463  leg_id=ttx2772l  exit_reason=stoploss  exit_price=94.55  ts=2025-11-03T09:18:00
2026-05-04 06:43:01  WARNING   features.execution_socket            [ENTRY IV/VIX] leg=k49do8lv mode=algo-backtest chain_doc_iv=0.15952313 mode_payload_chain_iv=0.0 entry_iv=0.15952313 entry_vix=12.79 chain_doc_keys=['close', 'delta', 'expiry', 'gamma', 'iv', 'oi', 'rho', 'strike', 'theta', 'timestamp', 'token', 'type', 'underlying', 'vega', 'ltp', 'current_price', 'price', 'last_price']
2026-05-04 06:43:01  WARNING   features.execution_socket            [ENTRY IV/VIX] leg=ttx2772l mode=algo-backtest chain_doc_iv=0.15952313 mode_payload_chain_iv=0.0 entry_iv=0.15952313 entry_vix=12.79 chain_doc_keys=['close', 'delta', 'expiry', 'gamma', 'iv', 'oi', 'rho', 'strike', 'theta', 'timestamp', 'token', 'type', 'underlying', 'vega', 'ltp', 'current_price', 'price', 'last_price']
2026-05-04 08:40:18  INFO      features.db_change_watcher           [DB WATCHER] stopped
2026-05-04 08:40:18  INFO      features.db_change_watcher           [DB WATCHER] stopped
2026-05-04 08:40:44  ERROR     db_activity                          [DB QUERY ERROR] method=replSetGetStatus collection=1 query_ms=17.44 db=admin target=local error={'ok':_0.0,_'errmsg':_'not_running_with_--replSet',_'code':_76,_'codeName':_'NoReplicationEnabled'}
2026-05-04 08:40:44  INFO      features.db_change_watcher           [DB WATCHER] polling mode (no replica set), trade_date=2026-05-04
2026-05-04 08:40:44  INFO      features.kite_broker_ws              [KiteWSManager] KiteTicker connected
2026-05-04 08:40:44  INFO      features.kite_broker_ws              [KiteWSManager] user=__live_entry_index__ +6 token(s): [256265, 260105, 265, 257801, 288009, 264969]
2026-05-04 08:40:44  INFO      features.kite_ticker                 KiteTicker connected
2026-05-04 08:40:44  ERROR     kiteconnect.ticker                   Connection error: 1006 - connection was closed uncleanly (WebSocket connection upgrade failed (403 - Forbidden))
2026-05-04 08:40:44  ERROR     features.kite_broker_ws              [KiteWSManager] error code=1006 reason=connection was closed uncleanly (WebSocket connection upgrade failed (403 - Forbidden))
2026-05-04 08:40:44  ERROR     kiteconnect.ticker                   Connection closed: 1006 - connection was closed uncleanly (WebSocket connection upgrade failed (403 - Forbidden))
2026-05-04 08:40:44  WARNING   features.kite_broker_ws              [KiteWSManager] closed code=1006 reason=connection was closed uncleanly (WebSocket connection upgrade failed (403 - Forbidden))
2026-05-04 08:40:46  INFO      features.spot_atm_utils              [kite_instruments] loaded 41763 option instruments for 2026-05-04
2026-05-04 08:40:47  WARNING   features.live_option_chain           [LIVE CHAIN] leg=gtdcfv1e quote batch[0] error: Incorrect `api_key` or `access_token`.
2026-05-04 08:40:47  WARNING   features.live_option_chain           [LIVE SELECT] leg=4ktv4h5a straddle=0 — skipping
2026-05-04 08:40:47  WARNING   features.delta_selector              [DELTA SELECT] leg=jun116vh no valid rows for ClosestDelta
2026-05-04 08:40:47  WARNING   features.delta_selector              [DELTA SELECT] leg=sksw1lwe no strikes in delta range 45%–70% — entry skipped
2026-05-04 08:40:47  ERROR     kiteconnect.ticker                   Connection error: 1006 - connection was closed uncleanly (WebSocket connection upgrade failed (403 - Forbidden))
2026-05-04 08:40:47  ERROR     features.kite_broker_ws              [KiteWSManager] error code=1006 reason=connection was closed uncleanly (WebSocket connection upgrade failed (403 - Forbidden))
2026-05-04 08:40:47  ERROR     kiteconnect.ticker                   Connection closed: 1006 - connection was closed uncleanly (WebSocket connection upgrade failed (403 - Forbidden))
2026-05-04 08:40:47  WARNING   features.kite_broker_ws              [KiteWSManager] closed code=1006 reason=connection was closed uncleanly (WebSocket connection upgrade failed (403 - Forbidden))
2026-05-04 08:40:47  INFO      features.kite_broker_ws              [KiteWSManager] reconnecting attempt=1
2026-05-04 08:40:50  WARNING   features.live_option_chain           [LIVE CHAIN] leg=581y3nxh quote batch[0] error: Incorrect `api_key` or `access_token`.
2026-05-04 08:40:52  INFO      features.kite_broker_ws              [KiteWSManager] user=__live_event__ +1 token(s): [18823938]
2026-05-04 08:40:52  INFO      features.kite_broker_ws              [KiteWSManager] user=__live_event__ +1 token(s): [18987522]
2026-05-04 08:40:52  INFO      features.kite_broker_ws              [KiteWSManager] user=__live_event__ +1 token(s): [18970626]
2026-05-04 08:40:52  INFO      features.kite_broker_ws              [KiteWSManager] user=__live_event__ +1 token(s): [18981634]
2026-05-04 08:40:52  INFO      features.kite_broker_ws              [KiteWSManager] user=__live_event__ +1 token(s): [18823682]
2026-05-04 08:40:55  ERROR     kiteconnect.ticker                   Connection error: 1006 - connection was closed uncleanly (WebSocket connection upgrade failed (403 - Forbidden))
2026-05-04 08:40:55  ERROR     features.kite_broker_ws              [KiteWSManager] error code=1006 reason=connection was closed uncleanly (WebSocket connection upgrade failed (403 - Forbidden))
2026-05-04 08:40:55  ERROR     kiteconnect.ticker                   Connection closed: 1006 - connection was closed uncleanly (WebSocket connection upgrade failed (403 - Forbidden))
2026-05-04 08:40:55  WARNING   features.kite_broker_ws              [KiteWSManager] closed code=1006 reason=connection was closed uncleanly (WebSocket connection upgrade failed (403 - Forbidden))
2026-05-04 08:40:55  INFO      features.kite_broker_ws              [KiteWSManager] reconnecting attempt=2
2026-05-04 08:41:04  INFO      features.db_change_watcher           [DB WATCHER] stopped
2026-05-04 08:41:04  INFO      features.db_change_watcher           [DB WATCHER] stopped
2026-05-04 08:41:04  ERROR     kiteconnect.ticker                   Connection closed: None - None
2026-05-04 08:41:04  INFO      features.kite_ticker                 KiteTicker closed: None None
2026-05-04 08:41:18  ERROR     kiteconnect.ticker                   Connection error: 1006 - connection was closed uncleanly (WebSocket connection upgrade failed (403 - Forbidden))
2026-05-04 08:41:18  ERROR     features.kite_broker_ws              [KiteWSManager] error code=1006 reason=connection was closed uncleanly (WebSocket connection upgrade failed (403 - Forbidden))
2026-05-04 08:41:18  ERROR     kiteconnect.ticker                   Connection closed: 1006 - connection was closed uncleanly (WebSocket connection upgrade failed (403 - Forbidden))
2026-05-04 08:41:18  WARNING   features.kite_broker_ws              [KiteWSManager] closed code=1006 reason=connection was closed uncleanly (WebSocket connection upgrade failed (403 - Forbidden))
2026-05-04 08:41:18  INFO      features.kite_broker_ws              [KiteWSManager] reconnecting attempt=3
2026-05-04 08:42:16  ERROR     kiteconnect.ticker                   Connection error: 1006 - connection was closed uncleanly (WebSocket connection upgrade failed (403 - Forbidden))
2026-05-04 08:42:16  ERROR     features.kite_broker_ws              [KiteWSManager] error code=1006 reason=connection was closed uncleanly (WebSocket connection upgrade failed (403 - Forbidden))
2026-05-04 08:42:16  ERROR     kiteconnect.ticker                   Connection closed: 1006 - connection was closed uncleanly (WebSocket connection upgrade failed (403 - Forbidden))
2026-05-04 08:42:16  WARNING   features.kite_broker_ws              [KiteWSManager] closed code=1006 reason=connection was closed uncleanly (WebSocket connection upgrade failed (403 - Forbidden))
2026-05-04 08:42:16  INFO      features.kite_broker_ws              [KiteWSManager] reconnecting attempt=4
2026-05-04 08:43:22  ERROR     kiteconnect.ticker                   Connection error: 1006 - connection was closed uncleanly (WebSocket connection upgrade failed (403 - Forbidden))
2026-05-04 08:43:22  ERROR     features.kite_broker_ws              [KiteWSManager] error code=1006 reason=connection was closed uncleanly (WebSocket connection upgrade failed (403 - Forbidden))
2026-05-04 08:43:22  ERROR     kiteconnect.ticker                   Connection closed: 1006 - connection was closed uncleanly (WebSocket connection upgrade failed (403 - Forbidden))
2026-05-04 08:43:22  WARNING   features.kite_broker_ws              [KiteWSManager] closed code=1006 reason=connection was closed uncleanly (WebSocket connection upgrade failed (403 - Forbidden))
2026-05-04 08:43:22  INFO      features.kite_broker_ws              [KiteWSManager] reconnecting attempt=5
2026-05-04 08:44:24  ERROR     kiteconnect.ticker                   Connection error: 1006 - connection was closed uncleanly (WebSocket connection upgrade failed (403 - Forbidden))
2026-05-04 08:44:24  ERROR     features.kite_broker_ws              [KiteWSManager] error code=1006 reason=connection was closed uncleanly (WebSocket connection upgrade failed (403 - Forbidden))
2026-05-04 08:44:24  ERROR     kiteconnect.ticker                   Connection closed: 1006 - connection was closed uncleanly (WebSocket connection upgrade failed (403 - Forbidden))
2026-05-04 08:44:24  WARNING   features.kite_broker_ws              [KiteWSManager] closed code=1006 reason=connection was closed uncleanly (WebSocket connection upgrade failed (403 - Forbidden))
2026-05-04 08:44:24  INFO      features.kite_broker_ws              [KiteWSManager] reconnecting attempt=6
2026-05-04 08:44:44  INFO      features.app_logger                  Logging initialised — log dir: /home/ashok-innoppl/Documents/option-algo/backend/logs
2026-05-04 08:44:44  INFO      db_activity                          [DB CONNECT INIT] db=stock_data connect_init_ms=4.24 target=local
2026-05-04 08:44:44  ERROR     db_activity                          [DB QUERY ERROR] method=ensure_index collection=saved_strategies query_ms=15.43 db=stock_data target=local collection=saved_strategies index=uniq_strategy_name error={'ok':_0.0,_'errmsg':_'Index_build_failed:_45045f20-5c65-4fa6-92d8-79ea616d5747:_Collection_stock_data.saved_strategies_(_605cf89b-7fb8-4f8d-ae1a-81e8757ba529_)_::_caused_by_::_E11000_duplicate_key_error_collection:_stock_data.saved_strategies_index:_uniq_strategy_name_dup_key:_{_name:_"n_new"_}',_'code':_11000,_'codeName':_'DuplicateKey',_'keyPattern':_{'name':_1},_'keyValue':_{'name':_'n_new'}}
2026-05-04 08:44:44  WARNING   db_activity                          [DB INDEX WARN] db=stock_data target=local error=Index build failed: 45045f20-5c65-4fa6-92d8-79ea616d5747: Collection stock_data.saved_strategies ( 605cf89b-7fb8-4f8d-ae1a-81e8757ba529 ) :: caused by :: E11000 duplicate key error collection: stock_data.saved_strategies index: uniq_strategy_name dup key: { name: "n new" }, full error: {'ok': 0.0, 'errmsg': 'Index build failed: 45045f20-5c65-4fa6-92d8-79ea616d5747: Collection stock_data.saved_strategies ( 605cf89b-7fb8-4f8d-ae1a-81e8757ba529 ) :: caused by :: E11000 duplicate key error collection: stock_data.saved_strategies index: uniq_strategy_name dup key: { name: "n new" }', 'code': 11000, 'codeName': 'DuplicateKey', 'keyPattern': {'name': 1}, 'keyValue': {'name': 'n new'}}
2026-05-04 08:45:52  ERROR     db_activity                          [DB QUERY ERROR] method=replSetGetStatus collection=1 query_ms=0.24 db=admin target=local error={'ok':_0.0,_'errmsg':_'not_running_with_--replSet',_'code':_76,_'codeName':_'NoReplicationEnabled'}
2026-05-04 08:45:52  INFO      features.db_change_watcher           [DB WATCHER] polling mode (no replica set), trade_date=2026-05-04
2026-05-04 08:45:52  INFO      features.kite_ticker                 KiteTicker connected
2026-05-04 08:45:53  INFO      features.kite_broker_ws              [kite_broker_ws] common credentials set api_key=h283rtgbdfbdwr3f
2026-05-04 08:45:55  INFO      features.spot_atm_utils              [kite_instruments] loaded 41763 option instruments for 2026-05-04
2026-05-04 08:45:57  INFO      features.db_change_watcher           [DB WATCHER] stopped
2026-05-04 08:45:57  INFO      features.db_change_watcher           [DB WATCHER] stopped
2026-05-04 08:45:57  ERROR     kiteconnect.ticker                   Connection closed: None - None
2026-05-04 08:45:57  INFO      features.kite_ticker                 KiteTicker closed: None None
2026-05-04 08:46:20  INFO      features.db_change_watcher           [DB WATCHER] stopped
2026-05-04 08:46:20  INFO      features.db_change_watcher           [DB WATCHER] stopped
2026-05-04 08:56:30  INFO      features.app_logger                  Logging initialised — log dir: /home/ashok-innoppl/Documents/option-algo/backend/logs
2026-05-04 08:56:30  INFO      db_activity                          [DB CONNECT INIT] db=stock_data connect_init_ms=6.23 target=local
2026-05-04 08:56:30  ERROR     db_activity                          [DB QUERY ERROR] method=ensure_index collection=saved_strategies query_ms=13.76 db=stock_data target=local collection=saved_strategies index=uniq_strategy_name error={'ok':_0.0,_'errmsg':_'Index_build_failed:_22733c91-9c88-4da0-a922-18f2146bf578:_Collection_stock_data.saved_strategies_(_605cf89b-7fb8-4f8d-ae1a-81e8757ba529_)_::_caused_by_::_E11000_duplicate_key_error_collection:_stock_data.saved_strategies_index:_uniq_strategy_name_dup_key:_{_name:_"n_new"_}',_'code':_11000,_'codeName':_'DuplicateKey',_'keyPattern':_{'name':_1},_'keyValue':_{'name':_'n_new'}}
2026-05-04 08:56:30  WARNING   db_activity                          [DB INDEX WARN] db=stock_data target=local error=Index build failed: 22733c91-9c88-4da0-a922-18f2146bf578: Collection stock_data.saved_strategies ( 605cf89b-7fb8-4f8d-ae1a-81e8757ba529 ) :: caused by :: E11000 duplicate key error collection: stock_data.saved_strategies index: uniq_strategy_name dup key: { name: "n new" }, full error: {'ok': 0.0, 'errmsg': 'Index build failed: 22733c91-9c88-4da0-a922-18f2146bf578: Collection stock_data.saved_strategies ( 605cf89b-7fb8-4f8d-ae1a-81e8757ba529 ) :: caused by :: E11000 duplicate key error collection: stock_data.saved_strategies index: uniq_strategy_name dup key: { name: "n new" }', 'code': 11000, 'codeName': 'DuplicateKey', 'keyPattern': {'name': 1}, 'keyValue': {'name': 'n new'}}
2026-05-04 08:56:53  INFO      features.app_logger                  Logging initialised — log dir: /home/ashok-innoppl/Documents/option-algo/backend/logs
2026-05-04 08:56:53  INFO      db_activity                          [DB CONNECT INIT] db=stock_data connect_init_ms=3.01 target=local
2026-05-04 08:56:53  ERROR     db_activity                          [DB QUERY ERROR] method=ensure_index collection=saved_strategies query_ms=13.32 db=stock_data target=local collection=saved_strategies index=uniq_strategy_name error={'ok':_0.0,_'errmsg':_'Index_build_failed:_d9fea460-ae00-408e-8df2-72c9d045ab9d:_Collection_stock_data.saved_strategies_(_605cf89b-7fb8-4f8d-ae1a-81e8757ba529_)_::_caused_by_::_E11000_duplicate_key_error_collection:_stock_data.saved_strategies_index:_uniq_strategy_name_dup_key:_{_name:_"n_new"_}',_'code':_11000,_'codeName':_'DuplicateKey',_'keyPattern':_{'name':_1},_'keyValue':_{'name':_'n_new'}}
2026-05-04 08:56:53  WARNING   db_activity                          [DB INDEX WARN] db=stock_data target=local error=Index build failed: d9fea460-ae00-408e-8df2-72c9d045ab9d: Collection stock_data.saved_strategies ( 605cf89b-7fb8-4f8d-ae1a-81e8757ba529 ) :: caused by :: E11000 duplicate key error collection: stock_data.saved_strategies index: uniq_strategy_name dup key: { name: "n new" }, full error: {'ok': 0.0, 'errmsg': 'Index build failed: d9fea460-ae00-408e-8df2-72c9d045ab9d: Collection stock_data.saved_strategies ( 605cf89b-7fb8-4f8d-ae1a-81e8757ba529 ) :: caused by :: E11000 duplicate key error collection: stock_data.saved_strategies index: uniq_strategy_name dup key: { name: "n new" }', 'code': 11000, 'codeName': 'DuplicateKey', 'keyPattern': {'name': 1}, 'keyValue': {'name': 'n new'}}
2026-05-04 08:58:42  INFO      db_activity                          [DB WRITE]  col=algo_trades  op=squared_off_exit_time  id=exec_19df106fc6b64fbc463
2026-05-04 08:59:53  ERROR     db_activity                          [DB QUERY ERROR] method=replSetGetStatus collection=1 query_ms=0.78 db=admin target=local error={'ok':_0.0,_'errmsg':_'not_running_with_--replSet',_'code':_76,_'codeName':_'NoReplicationEnabled'}
2026-05-04 08:59:53  INFO      features.db_change_watcher           [DB WATCHER] polling mode (no replica set), trade_date=2026-05-04
2026-05-04 08:59:53  INFO      features.kite_ticker                 KiteTicker connected
2026-05-04 09:00:32  INFO      features.db_change_watcher           [DB WATCHER] stopped
2026-05-04 09:00:32  INFO      features.db_change_watcher           [DB WATCHER] stopped
2026-05-04 09:00:32  ERROR     kiteconnect.ticker                   Connection closed: None - None
2026-05-04 09:00:32  INFO      features.kite_ticker                 KiteTicker closed: None None
2026-05-04 09:04:27  INFO      features.app_logger                  Logging initialised — log dir: /home/ashok-innoppl/Documents/option-algo/backend/logs
2026-05-04 09:04:27  INFO      db_activity                          [DB CONNECT INIT] db=stock_data connect_init_ms=3.51 target=local
2026-05-04 09:04:27  ERROR     db_activity                          [DB QUERY ERROR] method=ensure_index collection=saved_strategies query_ms=14.82 db=stock_data target=local collection=saved_strategies index=uniq_strategy_name error={'ok':_0.0,_'errmsg':_'Index_build_failed:_5700083a-93e6-4cf7-84c3-20c07a55987f:_Collection_stock_data.saved_strategies_(_605cf89b-7fb8-4f8d-ae1a-81e8757ba529_)_::_caused_by_::_E11000_duplicate_key_error_collection:_stock_data.saved_strategies_index:_uniq_strategy_name_dup_key:_{_name:_"n_new"_}',_'code':_11000,_'codeName':_'DuplicateKey',_'keyPattern':_{'name':_1},_'keyValue':_{'name':_'n_new'}}
2026-05-04 09:04:27  WARNING   db_activity                          [DB INDEX WARN] db=stock_data target=local error=Index build failed: 5700083a-93e6-4cf7-84c3-20c07a55987f: Collection stock_data.saved_strategies ( 605cf89b-7fb8-4f8d-ae1a-81e8757ba529 ) :: caused by :: E11000 duplicate key error collection: stock_data.saved_strategies index: uniq_strategy_name dup key: { name: "n new" }, full error: {'ok': 0.0, 'errmsg': 'Index build failed: 5700083a-93e6-4cf7-84c3-20c07a55987f: Collection stock_data.saved_strategies ( 605cf89b-7fb8-4f8d-ae1a-81e8757ba529 ) :: caused by :: E11000 duplicate key error collection: stock_data.saved_strategies index: uniq_strategy_name dup key: { name: "n new" }', 'code': 11000, 'codeName': 'DuplicateKey', 'keyPattern': {'name': 1}, 'keyValue': {'name': 'n new'}}
2026-05-04 09:05:09  INFO      features.app_logger                  Logging initialised — log dir: /home/ashok-innoppl/Documents/option-algo/backend/logs
2026-05-04 09:05:09  INFO      db_activity                          [DB CONNECT INIT] db=stock_data connect_init_ms=3.74 target=local
2026-05-04 09:05:09  ERROR     db_activity                          [DB QUERY ERROR] method=ensure_index collection=saved_strategies query_ms=13.16 db=stock_data target=local collection=saved_strategies index=uniq_strategy_name error={'ok':_0.0,_'errmsg':_'Index_build_failed:_356ac10f-c740-45d1-9638-92a2da4bac2c:_Collection_stock_data.saved_strategies_(_605cf89b-7fb8-4f8d-ae1a-81e8757ba529_)_::_caused_by_::_E11000_duplicate_key_error_collection:_stock_data.saved_strategies_index:_uniq_strategy_name_dup_key:_{_name:_"n_new"_}',_'code':_11000,_'codeName':_'DuplicateKey',_'keyPattern':_{'name':_1},_'keyValue':_{'name':_'n_new'}}
2026-05-04 09:05:09  WARNING   db_activity                          [DB INDEX WARN] db=stock_data target=local error=Index build failed: 356ac10f-c740-45d1-9638-92a2da4bac2c: Collection stock_data.saved_strategies ( 605cf89b-7fb8-4f8d-ae1a-81e8757ba529 ) :: caused by :: E11000 duplicate key error collection: stock_data.saved_strategies index: uniq_strategy_name dup key: { name: "n new" }, full error: {'ok': 0.0, 'errmsg': 'Index build failed: 356ac10f-c740-45d1-9638-92a2da4bac2c: Collection stock_data.saved_strategies ( 605cf89b-7fb8-4f8d-ae1a-81e8757ba529 ) :: caused by :: E11000 duplicate key error collection: stock_data.saved_strategies index: uniq_strategy_name dup key: { name: "n new" }', 'code': 11000, 'codeName': 'DuplicateKey', 'keyPattern': {'name': 1}, 'keyValue': {'name': 'n new'}}
2026-05-04 09:10:52  INFO      features.app_logger                  Logging initialised — log dir: /home/ashok-innoppl/Documents/option-algo/backend/logs
2026-05-04 09:10:52  INFO      db_activity                          [DB CONNECT INIT] db=stock_data connect_init_ms=3.03 target=local
2026-05-04 09:10:52  ERROR     db_activity                          [DB QUERY ERROR] method=ensure_index collection=saved_strategies query_ms=13.8 db=stock_data target=local collection=saved_strategies index=uniq_strategy_name error={'ok':_0.0,_'errmsg':_'Index_build_failed:_887dcf01-b061-4f68-a776-028c355d14b8:_Collection_stock_data.saved_strategies_(_605cf89b-7fb8-4f8d-ae1a-81e8757ba529_)_::_caused_by_::_E11000_duplicate_key_error_collection:_stock_data.saved_strategies_index:_uniq_strategy_name_dup_key:_{_name:_"n_new"_}',_'code':_11000,_'codeName':_'DuplicateKey',_'keyPattern':_{'name':_1},_'keyValue':_{'name':_'n_new'}}
2026-05-04 09:10:52  WARNING   db_activity                          [DB INDEX WARN] db=stock_data target=local error=Index build failed: 887dcf01-b061-4f68-a776-028c355d14b8: Collection stock_data.saved_strategies ( 605cf89b-7fb8-4f8d-ae1a-81e8757ba529 ) :: caused by :: E11000 duplicate key error collection: stock_data.saved_strategies index: uniq_strategy_name dup key: { name: "n new" }, full error: {'ok': 0.0, 'errmsg': 'Index build failed: 887dcf01-b061-4f68-a776-028c355d14b8: Collection stock_data.saved_strategies ( 605cf89b-7fb8-4f8d-ae1a-81e8757ba529 ) :: caused by :: E11000 duplicate key error collection: stock_data.saved_strategies index: uniq_strategy_name dup key: { name: "n new" }', 'code': 11000, 'codeName': 'DuplicateKey', 'keyPattern': {'name': 1}, 'keyValue': {'name': 'n new'}}
2026-05-04 09:14:06  INFO      features.app_logger                  Logging initialised — log dir: /home/ashok-innoppl/Documents/option-algo/backend/logs
2026-05-04 09:14:06  INFO      db_activity                          [DB CONNECT INIT] db=stock_data connect_init_ms=2.87 target=local
2026-05-04 09:14:06  ERROR     db_activity                          [DB QUERY ERROR] method=ensure_index collection=saved_strategies query_ms=13.87 db=stock_data target=local collection=saved_strategies index=uniq_strategy_name error={'ok':_0.0,_'errmsg':_'Index_build_failed:_9247a4f3-82f3-453c-adb4-0b38de591d81:_Collection_stock_data.saved_strategies_(_605cf89b-7fb8-4f8d-ae1a-81e8757ba529_)_::_caused_by_::_E11000_duplicate_key_error_collection:_stock_data.saved_strategies_index:_uniq_strategy_name_dup_key:_{_name:_"n_new"_}',_'code':_11000,_'codeName':_'DuplicateKey',_'keyPattern':_{'name':_1},_'keyValue':_{'name':_'n_new'}}
2026-05-04 09:14:06  WARNING   db_activity                          [DB INDEX WARN] db=stock_data target=local error=Index build failed: 9247a4f3-82f3-453c-adb4-0b38de591d81: Collection stock_data.saved_strategies ( 605cf89b-7fb8-4f8d-ae1a-81e8757ba529 ) :: caused by :: E11000 duplicate key error collection: stock_data.saved_strategies index: uniq_strategy_name dup key: { name: "n new" }, full error: {'ok': 0.0, 'errmsg': 'Index build failed: 9247a4f3-82f3-453c-adb4-0b38de591d81: Collection stock_data.saved_strategies ( 605cf89b-7fb8-4f8d-ae1a-81e8757ba529 ) :: caused by :: E11000 duplicate key error collection: stock_data.saved_strategies index: uniq_strategy_name dup key: { name: "n new" }', 'code': 11000, 'codeName': 'DuplicateKey', 'keyPattern': {'name': 1}, 'keyValue': {'name': 'n new'}}
2026-05-04 09:14:34  ERROR     db_activity                          [DB QUERY ERROR] method=replSetGetStatus collection=1 query_ms=0.48 db=admin target=local error={'ok':_0.0,_'errmsg':_'not_running_with_--replSet',_'code':_76,_'codeName':_'NoReplicationEnabled'}
2026-05-04 09:14:34  INFO      features.db_change_watcher           [DB WATCHER] polling mode (no replica set), trade_date=2026-05-04
2026-05-04 09:14:34  INFO      features.kite_ticker                 KiteTicker connected
2026-05-04 09:16:08  INFO      features.db_change_watcher           [DB WATCHER] stopped
2026-05-04 09:16:08  INFO      features.db_change_watcher           [DB WATCHER] stopped
2026-05-04 09:16:08  ERROR     kiteconnect.ticker                   Connection closed: None - None
2026-05-04 09:16:08  INFO      features.kite_ticker                 KiteTicker closed: None None
2026-05-04 09:17:30  INFO      features.app_logger                  Logging initialised — log dir: /home/ashok-innoppl/Documents/option-algo/backend/logs
2026-05-04 09:17:30  INFO      db_activity                          [DB CONNECT INIT] db=stock_data connect_init_ms=3.14 target=local
2026-05-04 09:17:30  ERROR     db_activity                          [DB QUERY ERROR] method=ensure_index collection=saved_strategies query_ms=13.02 db=stock_data target=local collection=saved_strategies index=uniq_strategy_name error={'ok':_0.0,_'errmsg':_'Index_build_failed:_0cfed882-af4b-4f88-8aee-81f891bbf43f:_Collection_stock_data.saved_strategies_(_605cf89b-7fb8-4f8d-ae1a-81e8757ba529_)_::_caused_by_::_E11000_duplicate_key_error_collection:_stock_data.saved_strategies_index:_uniq_strategy_name_dup_key:_{_name:_"n_new"_}',_'code':_11000,_'codeName':_'DuplicateKey',_'keyPattern':_{'name':_1},_'keyValue':_{'name':_'n_new'}}
2026-05-04 09:17:30  WARNING   db_activity                          [DB INDEX WARN] db=stock_data target=local error=Index build failed: 0cfed882-af4b-4f88-8aee-81f891bbf43f: Collection stock_data.saved_strategies ( 605cf89b-7fb8-4f8d-ae1a-81e8757ba529 ) :: caused by :: E11000 duplicate key error collection: stock_data.saved_strategies index: uniq_strategy_name dup key: { name: "n new" }, full error: {'ok': 0.0, 'errmsg': 'Index build failed: 0cfed882-af4b-4f88-8aee-81f891bbf43f: Collection stock_data.saved_strategies ( 605cf89b-7fb8-4f8d-ae1a-81e8757ba529 ) :: caused by :: E11000 duplicate key error collection: stock_data.saved_strategies index: uniq_strategy_name dup key: { name: "n new" }', 'code': 11000, 'codeName': 'DuplicateKey', 'keyPattern': {'name': 1}, 'keyValue': {'name': 'n new'}}
2026-05-04 09:17:52  ERROR     db_activity                          [DB QUERY ERROR] method=replSetGetStatus collection=1 query_ms=0.39 db=admin target=local error={'ok':_0.0,_'errmsg':_'not_running_with_--replSet',_'code':_76,_'codeName':_'NoReplicationEnabled'}
2026-05-04 09:17:52  INFO      features.db_change_watcher           [DB WATCHER] polling mode (no replica set), trade_date=2026-05-04
2026-05-04 09:17:53  INFO      features.kite_ticker                 KiteTicker connected
2026-05-04 09:17:56  INFO      features.db_change_watcher           [DB WATCHER] stopped
2026-05-04 09:17:56  INFO      features.db_change_watcher           [DB WATCHER] stopped
2026-05-04 09:17:56  ERROR     kiteconnect.ticker                   Connection closed: None - None
2026-05-04 09:17:56  INFO      features.kite_ticker                 KiteTicker closed: None None
2026-05-04 09:18:12  INFO      features.db_change_watcher           [DB WATCHER] polling mode (no replica set), trade_date=2026-05-04
2026-05-04 09:18:13  INFO      features.kite_broker_ws              [kite_broker_ws] common credentials set api_key=h283rtgbdfbdwr3f
2026-05-04 09:18:15  INFO      features.spot_atm_utils              [kite_instruments] loaded 41763 option instruments for 2026-05-04
2026-05-04 09:18:15  INFO      features.kite_broker_ws              [KiteWSManager] KiteTicker connected
2026-05-04 09:18:15  INFO      features.kite_broker_ws              [KiteWSManager] user=__live_event__ +1 token(s): [18986242]
2026-05-04 09:18:15  INFO      features.kite_broker_ws              [KiteWSManager] user=__live_event__ +1 token(s): [18986498]
2026-05-04 09:18:23  INFO      features.kite_ticker                 KiteTicker connected
2026-05-04 09:18:23  INFO      features.kite_broker_ws              [KiteWSManager] connected
2026-05-04 09:19:22  INFO      features.notification_manager        Trail SL rotated leg=k49do8lv step=1: ₹227.9 → ₹222.9
2026-05-04 09:20:19  INFO      features.notification_manager        Trail SL rotated leg=ttx2772l step=1: ₹112.91 → ₹107.91
2026-05-04 09:20:59  INFO      features.kite_broker_ws              [KiteWSManager] user=__live_event__ +1 token(s): [18983938]
2026-05-04 09:20:59  INFO      features.kite_broker_ws              [KiteWSManager] user=__live_event__ +1 token(s): [18985986]
2026-05-04 09:24:25  INFO      db_activity                          [DB WRITE]  col=algo_trades  op=close_leg  id=exec_19df11aee05dfb2e6ea  leg_id=4re4mlct  exit_reason=stoploss  exit_price=69.95  ts=2026-05-04T09:24:24
2026-05-04 09:24:26  INFO      features.kite_broker_ws              [KiteWSManager] user=__live_event__ +1 token(s): [18988034]
2026-05-04 09:28:37  INFO      features.notification_manager        Trail SL rotated leg=putLeg1-4re4mlct step=1: ₹191.04 → ₹181.33
2026-05-04 09:33:07  INFO      features.notification_manager        Trail SL rotated leg=k49do8lv step=2: ₹222.9 → ₹217.9
2026-05-04 09:33:08  INFO      db_activity                          [DB WRITE]  col=algo_trades  op=close_leg  id=exec_19df11aee05dfb2e6ea  leg_id=df38qyaw  exit_reason=overall_sl  exit_price=83.75  ts=2026-05-04T09:33:06
2026-05-04 09:33:08  INFO      db_activity                          [DB WRITE]  col=algo_trades  op=close_leg  id=exec_19df11aee05dfb2e6ea  leg_id=putLeg1-4re4mlct  exit_reason=overall_sl  exit_price=176.9  ts=2026-05-04T09:33:06
2026-05-04 09:35:06  INFO      features.notification_manager        Trail SL rotated leg=ttx2772l step=2: ₹107.91 → ₹102.91
2026-05-04 09:38:25  INFO      features.notification_manager        Trail SL rotated leg=ttx2772l step=3: ₹102.91 → ₹97.91
2026-05-04 09:40:42  INFO      db_activity                          [DB WRITE]  col=algo_trades  op=close_leg  id=exec_19df119b2be64fbc463  leg_id=k49do8lv  exit_reason=stoploss  exit_price=219.2  ts=2026-05-04T09:40:42
2026-05-04 09:40:42  INFO      features.kite_broker_ws              [KiteWSManager] user=__live_event__ +1 token(s): [18987266]
2026-05-04 09:40:45  INFO      features.kite_broker_ws              [KiteWSManager] user=__live_event__ +1 token(s): [18987778]
2026-05-04 09:44:22  INFO      features.db_change_watcher           [DB WATCHER] stopped
2026-05-04 09:44:22  INFO      features.db_change_watcher           [DB WATCHER] stopped
2026-05-04 09:44:22  ERROR     kiteconnect.ticker                   Connection closed: None - None
2026-05-04 09:44:22  INFO      features.kite_ticker                 KiteTicker closed: None None
2026-05-04 09:46:35  INFO      features.db_change_watcher           [DB WATCHER] polling mode (no replica set), trade_date=2026-05-04
2026-05-04 09:46:35  INFO      features.kite_broker_ws              [KiteWSManager] user=__live_entry_index__ +6 token(s): [256265, 260105, 265, 257801, 288009, 264969]
2026-05-04 09:46:35  INFO      features.kite_ticker                 KiteTicker connected
2026-05-04 09:46:36  INFO      features.kite_broker_ws              [KiteWSManager] user=__live_event__ +1 token(s): [18987522]
2026-05-04 09:51:37  INFO      features.notification_manager        Trail SL rotated leg=k49do8lv step=1: ₹185.99 → ₹180.99
2026-05-04 09:53:56  INFO      features.notification_manager        Trail SL rotated leg=k49do8lv step=2: ₹180.99 → ₹175.99
2026-05-04 09:53:58  INFO      db_activity                          [DB WRITE]  col=algo_trades  op=close_leg  id=exec_19df133a1dc64fbc463  leg_id=ttx2772l  exit_reason=stoploss  exit_price=111.65  ts=2026-05-04T09:53:57
2026-05-04 10:03:10  INFO      features.notification_manager        Trail SL rotated leg=k49do8lv step=3: ₹175.99 → ₹170.99
2026-05-04 10:03:22  INFO      db_activity                          [DB WRITE]  col=algo_trades  op=close_leg  id=exec_19df133a1dc64fbc463  leg_id=putLeg1-ttx2772l  exit_reason=stoploss  exit_price=121.35  ts=2026-05-04T10:03:22
2026-05-04 10:03:23  INFO      features.kite_broker_ws              [KiteWSManager] user=__live_event__ +1 token(s): [18987010]
2026-05-04 10:12:55  INFO      features.notification_manager        Trail SL rotated leg=k49do8lv step=4: ₹170.99 → ₹165.99
2026-05-04 10:14:03  INFO      features.notification_manager        Trail SL rotated leg=k49do8lv step=5: ₹165.99 → ₹160.99
2026-05-04 10:22:20  INFO      features.notification_manager        Trail SL rotated leg=k49do8lv step=6: ₹160.99 → ₹155.99
2026-05-04 10:33:13  INFO      db_activity                          [DB WRITE]  col=algo_trades  op=close_leg  id=exec_19df133a1dc64fbc463  leg_id=putLeg2-putLeg1-ttx2772l  exit_reason=stoploss  exit_price=107.85  ts=2026-05-04T10:33:12
2026-05-04 10:49:00  INFO      features.notification_manager        Trail SL rotated leg=putLeg3-putLeg2-putLeg1-ttx2772l step=1: ₹115.8 → ₹107.8
2026-05-04 10:57:58  INFO      db_activity                          [DB WRITE]  col=algo_trades  op=close_leg  id=exec_19df133a1dc64fbc463  leg_id=putLeg3-putLeg2-putLeg1-ttx2772l  exit_reason=stoploss  exit_price=108.15  ts=2026-05-04T10:57:57
2026-05-04 10:57:59  INFO      features.kite_broker_ws              [KiteWSManager] user=__live_event__ +1 token(s): [18986754]
2026-05-04 10:58:59  INFO      features.db_change_watcher           [DB WATCHER] stopped
2026-05-04 10:58:59  INFO      features.db_change_watcher           [DB WATCHER] stopped
2026-05-04 10:58:59  ERROR     kiteconnect.ticker                   Connection closed: None - None
2026-05-04 10:58:59  INFO      features.kite_ticker                 KiteTicker closed: None None
2026-05-04 11:00:27  INFO      features.db_change_watcher           [DB WATCHER] polling mode (no replica set), trade_date=2026-05-04
2026-05-04 11:00:27  INFO      features.kite_ticker                 KiteTicker connected
2026-05-04 11:00:51  INFO      features.notification_manager        Trail SL rotated leg=ttx2772l step=1: ₹145.48 → ₹140.48
2026-05-04 11:04:54  INFO      features.notification_manager        Trail SL rotated leg=ttx2772l step=2: ₹140.48 → ₹135.48
2026-05-04 11:14:26  INFO      features.notification_manager        Trail SL rotated leg=ttx2772l step=3: ₹135.48 → ₹130.48
2026-05-04 11:14:43  INFO      db_activity                          [DB WRITE]  col=algo_trades  op=close_leg  id=exec_19df177555285d0d633  leg_id=k49do8lv  exit_reason=stoploss  exit_price=153.5  ts=2026-05-04T11:14:43
2026-05-04 11:34:03  INFO      features.notification_manager        Trail SL rotated leg=ttx2772l step=4: ₹130.48 → ₹125.48
2026-05-04 12:06:35  ERROR     kiteconnect.ticker                   Connection error: 1006 - connection was closed uncleanly (None)
2026-05-04 12:06:35  ERROR     features.kite_ticker                 KiteTicker error: 1006 connection was closed uncleanly (None)
2026-05-04 12:06:35  ERROR     kiteconnect.ticker                   Connection closed: 1006 - connection was closed uncleanly (None)
2026-05-04 12:06:35  INFO      features.kite_ticker                 KiteTicker closed: 1006 connection was closed uncleanly (None)
2026-05-04 12:06:35  ERROR     kiteconnect.ticker                   Connection error: 1006 - connection was closed uncleanly (None)
2026-05-04 12:06:35  ERROR     features.kite_broker_ws              [KiteWSManager] error code=1006 reason=connection was closed uncleanly (None)
2026-05-04 12:06:35  ERROR     kiteconnect.ticker                   Connection closed: 1006 - connection was closed uncleanly (None)
2026-05-04 12:06:35  WARNING   features.kite_broker_ws              [KiteWSManager] closed code=1006 reason=connection was closed uncleanly (None)
2026-05-04 12:06:38  INFO      features.kite_broker_ws              [KiteWSManager] connected
2026-05-04 12:06:38  INFO      features.kite_ticker                 KiteTicker connected
2026-05-04 12:06:52  INFO      features.notification_manager        Trail SL rotated leg=k49do8lv step=1: ₹143.59 → ₹138.59
2026-05-04 12:10:10  INFO      db_activity                          [DB WRITE]  col=algo_trades  op=close_leg  id=exec_19df1a9bc4485d0d633  leg_id=ttx2772l  exit_reason=stoploss  exit_price=132.7  ts=2026-05-04T12:10:09
2026-05-04 12:10:46  INFO      features.notification_manager        Trail SL rotated leg=k49do8lv step=2: ₹138.59 → ₹133.59
2026-05-04 12:11:23  INFO      db_activity                          [DB WRITE]  col=algo_trades  op=close_leg  id=exec_19df177555285d0d633  leg_id=ttx2772l  exit_reason=stoploss  exit_price=126.9  ts=2026-05-04T12:11:23
2026-05-04 12:11:25  INFO      features.notification_manager        Trail SL rotated leg=k49do8lv step=3: ₹133.59 → ₹128.59
2026-05-04 12:13:04  INFO      db_activity                          [DB WRITE]  col=algo_trades  op=close_leg  id=exec_19df1a9bc4485d0d633  leg_id=putLeg1-ttx2772l  exit_reason=stoploss  exit_price=118.65  ts=2026-05-04T12:13:03
2026-05-04 12:14:09  INFO      features.kite_broker_ws              [KiteWSManager] user=__live_event__ +1 token(s): [18984194]
2026-05-04 12:14:50  INFO      features.notification_manager        Trail SL rotated leg=k49do8lv step=4: ₹128.59 → ₹123.59
2026-05-04 12:32:12  INFO      features.mtm_historical_data         [mtm_historical] no docs found for token=18987266 date=2026-05-04T09:15:00..2026-05-04T15:30:00
2026-05-04 12:32:12  INFO      features.mtm_historical_data         [mtm_historical] no docs found for token=18985986 date=2026-05-04T09:15:00..2026-05-04T15:30:00
2026-05-04 12:32:12  INFO      features.mtm_historical_data         [mtm_historical] no docs found for token=18984194 date=2026-05-04T09:15:00..2026-05-04T15:30:00
2026-05-04 12:32:12  INFO      features.mtm_historical_data         [mtm_historical] no docs found for token=18986754 date=2026-05-04T09:15:00..2026-05-04T15:30:00
2026-05-04 12:32:12  INFO      features.mtm_historical_data         [mtm_historical] no docs found for token=18987010 date=2026-05-04T09:15:00..2026-05-04T15:30:00
2026-05-04 12:32:13  INFO      features.mtm_historical_data         [mtm_historical] no docs found for token=18987522 date=2026-05-04T09:15:00..2026-05-04T15:30:00
2026-05-04 12:32:13  INFO      features.mtm_historical_data         [mtm_historical] no docs found for token=18986498 date=2026-05-04T09:15:00..2026-05-04T15:30:00
2026-05-04 12:32:13  INFO      features.spot_historical_data        [spot_hist] NIFTY token=256265 rows=9720
2026-05-04 12:32:13  WARNING   features.spot_historical_data        [spot_hist] no VIX data for date=2026-05-04
2026-05-04 12:32:15  INFO      features.spot_historical_data        [spot_hist] NIFTY token=256265 rows=9721
2026-05-04 12:32:15  WARNING   features.spot_historical_data        [spot_hist] no VIX data for date=2026-05-04
2026-05-04 12:32:15  INFO      features.mtm_historical_data         [mtm_historical] no docs found for token=18987266 date=2026-05-04T09:15:00..2026-05-04T15:30:00
2026-05-04 12:32:15  INFO      features.mtm_historical_data         [mtm_historical] no docs found for token=18985986 date=2026-05-04T09:15:00..2026-05-04T15:30:00
2026-05-04 12:32:15  INFO      features.mtm_historical_data         [mtm_historical] no docs found for token=18984194 date=2026-05-04T09:15:00..2026-05-04T15:30:00
2026-05-04 12:32:16  INFO      features.mtm_historical_data         [mtm_historical] no docs found for token=18986754 date=2026-05-04T09:15:00..2026-05-04T15:30:00
2026-05-04 12:32:16  INFO      features.mtm_historical_data         [mtm_historical] no docs found for token=18987010 date=2026-05-04T09:15:00..2026-05-04T15:30:00
2026-05-04 12:32:16  INFO      features.mtm_historical_data         [mtm_historical] no docs found for token=18987522 date=2026-05-04T09:15:00..2026-05-04T15:30:00
2026-05-04 12:32:16  INFO      features.mtm_historical_data         [mtm_historical] no docs found for token=18986498 date=2026-05-04T09:15:00..2026-05-04T15:30:00
2026-05-04 12:48:20  INFO      features.notification_manager        Trail SL rotated leg=k49do8lv step=5: ₹123.59 → ₹118.59
2026-05-04 12:50:39  INFO      features.notification_manager        Trail SL rotated leg=ttx2772l step=1: ₹138.59 → ₹133.59
2026-05-04 13:12:26  INFO      features.notification_manager        Trail SL rotated leg=ttx2772l step=2: ₹133.59 → ₹128.59
2026-05-04 13:21:13  INFO      features.notification_manager        Trail SL rotated leg=k49do8lv step=1: ₹155.61 → ₹150.61
2026-05-04 13:28:52  INFO      db_activity                          [DB WRITE]  col=algo_trades  op=close_leg  id=exec_19df1db974f85d0d633  leg_id=ttx2772l  exit_reason=stoploss  exit_price=129.9  ts=2026-05-04T13:28:51
2026-05-04 13:28:56  INFO      features.notification_manager        Trail SL rotated leg=k49do8lv step=2: ₹150.61 → ₹145.61
2026-05-04 13:29:41  INFO      features.notification_manager        Trail SL rotated leg=k49do8lv step=3: ₹145.61 → ₹140.61
2026-05-04 13:29:57  INFO      features.kite_broker_ws              [KiteWSManager] user=__live_event__ +1 token(s): [18983426]
2026-05-04 14:03:42  ERROR     kiteconnect.ticker                   Connection error: 1006 - connection was closed uncleanly (None)
2026-05-04 14:03:42  ERROR     features.kite_broker_ws              [KiteWSManager] error code=1006 reason=connection was closed uncleanly (None)
2026-05-04 14:03:42  ERROR     kiteconnect.ticker                   Connection closed: 1006 - connection was closed uncleanly (None)
2026-05-04 14:03:42  WARNING   features.kite_broker_ws              [KiteWSManager] closed code=1006 reason=connection was closed uncleanly (None)
2026-05-04 14:03:42  ERROR     kiteconnect.ticker                   Connection error: 1006 - connection was closed uncleanly (None)
2026-05-04 14:03:42  ERROR     features.kite_ticker                 KiteTicker error: 1006 connection was closed uncleanly (None)
2026-05-04 14:03:42  ERROR     kiteconnect.ticker                   Connection closed: 1006 - connection was closed uncleanly (None)
2026-05-04 14:03:42  INFO      features.kite_ticker                 KiteTicker closed: 1006 connection was closed uncleanly (None)
2026-05-04 14:03:44  ERROR     kiteconnect.ticker                   Retrying connection. Retry attempt count: 1. Next retry in around: 2 seconds
2026-05-04 14:03:44  INFO      features.kite_broker_ws              [KiteWSManager] reconnecting attempt=1
2026-05-04 14:03:45  ERROR     kiteconnect.ticker                   Retrying connection. Retry attempt count: 1. Next retry in around: 3 seconds
2026-05-04 14:03:45  INFO      features.kite_ticker                 KiteTicker reconnecting... attempt 1
2026-05-04 14:03:50  INFO      features.kite_broker_ws              [KiteWSManager] connected
2026-05-04 14:03:53  INFO      features.kite_ticker                 KiteTicker connected
2026-05-04 14:06:11  INFO      features.spot_historical_data        [spot_hist] Kite spot NIFTY rows=291
2026-05-04 14:06:11  INFO      features.spot_historical_data        [spot_hist] Kite VIX rows=291
2026-05-04 14:06:12  INFO      features.spot_historical_data        [spot_hist] Kite spot NIFTY rows=291
2026-05-04 14:06:12  INFO      features.spot_historical_data        [spot_hist] Kite VIX rows=291
2026-05-04 14:11:37  INFO      features.notification_manager        Trail SL rotated leg=putLeg1-ttx2772l step=1: ₹114.62 → ₹109.62
2026-05-04 14:18:02  INFO      db_activity                          [DB WRITE]  col=algo_trades  op=close_leg  id=exec_19df1db974f85d0d633  leg_id=k49do8lv  exit_reason=stoploss  exit_price=143.0  ts=2026-05-04T14:18:01
2026-05-04 14:18:02  INFO      features.notification_manager        Trail SL rotated leg=putLeg1-ttx2772l step=2: ₹109.62 → ₹104.62
2026-05-04 14:18:54  INFO      features.notification_manager        Trail SL rotated leg=putLeg1-ttx2772l step=3: ₹104.62 → ₹99.62
2026-05-04 15:10:33  ERROR     kiteconnect.ticker                   Connection error: 1006 - connection was closed uncleanly (None)
2026-05-04 15:10:33  ERROR     features.kite_broker_ws              [KiteWSManager] error code=1006 reason=connection was closed uncleanly (None)
2026-05-04 15:10:33  ERROR     kiteconnect.ticker                   Connection closed: 1006 - connection was closed uncleanly (None)
2026-05-04 15:10:33  WARNING   features.kite_broker_ws              [KiteWSManager] closed code=1006 reason=connection was closed uncleanly (None)
2026-05-04 15:10:33  ERROR     kiteconnect.ticker                   Connection error: 1006 - connection was closed uncleanly (None)
2026-05-04 15:10:33  ERROR     features.kite_ticker                 KiteTicker error: 1006 connection was closed uncleanly (None)
2026-05-04 15:10:33  ERROR     kiteconnect.ticker                   Connection closed: 1006 - connection was closed uncleanly (None)
2026-05-04 15:10:33  INFO      features.kite_ticker                 KiteTicker closed: 1006 connection was closed uncleanly (None)
2026-05-04 15:10:36  ERROR     kiteconnect.ticker                   Retrying connection. Retry attempt count: 1. Next retry in around: 2 seconds
2026-05-04 15:10:36  INFO      features.kite_broker_ws              [KiteWSManager] reconnecting attempt=1
2026-05-04 15:10:36  ERROR     kiteconnect.ticker                   Retrying connection. Retry attempt count: 1. Next retry in around: 2 seconds
2026-05-04 15:10:36  INFO      features.kite_ticker                 KiteTicker reconnecting... attempt 1
2026-05-04 15:10:43  INFO      features.kite_broker_ws              [KiteWSManager] connected
2026-05-04 15:10:43  INFO      features.kite_ticker                 KiteTicker connected
2026-05-04 15:11:00  INFO      features.notification_manager        Trail SL rotated leg=callLeg1-k49do8lv step=1: ₹152.5 → ₹147.5
2026-05-04 15:12:38  INFO      features.notification_manager        Trail SL rotated leg=putLeg1-ttx2772l step=4: ₹99.62 → ₹94.62
2026-05-04 15:24:01  INFO      db_activity                          [DB WRITE]  col=algo_trades  op=close_leg  id=exec_19df1db974f85d0d633  leg_id=putLeg1-ttx2772l  exit_reason=exit_time  exit_price=57.75  ts=2026-05-04T15:24:00
2026-05-04 15:24:01  INFO      db_activity                          [DB WRITE]  col=algo_trades  op=close_leg  id=exec_19df1db974f85d0d633  leg_id=callLeg1-k49do8lv  exit_reason=exit_time  exit_price=117.55  ts=2026-05-04T15:24:00
2026-05-04 15:24:01  INFO      db_activity                          [DB WRITE]  col=algo_trades  op=squared_off_exit_time  id=exec_19df1db974f85d0d633
