2026-05-04 05:17:43  WARNING   features.execution_socket            [ENTRY IV/VIX] leg=k49do8lv mode=algo-backtest chain_doc_iv=0.1550362 mode_payload_chain_iv=0.0 entry_iv=0.1550362 entry_vix=12.7 chain_doc_keys=['close', 'delta', 'expiry', 'gamma', 'iv', 'oi', 'rho', 'strike', 'theta', 'timestamp', 'token', 'type', 'underlying', 'vega', 'ltp', 'current_price', 'price', 'last_price']
2026-05-04 05:17:43  WARNING   features.execution_socket            [ENTRY IV/VIX] leg=ttx2772l mode=algo-backtest chain_doc_iv=0.1550362 mode_payload_chain_iv=0.0 entry_iv=0.1550362 entry_vix=12.7 chain_doc_keys=['close', 'delta', 'expiry', 'gamma', 'iv', 'oi', 'rho', 'strike', 'theta', 'timestamp', 'token', 'type', 'underlying', 'vega', 'ltp', 'current_price', 'price', 'last_price']
2026-05-04 05:23:37  ERROR     db_activity                          [DB QUERY ERROR] method=ensure_index collection=saved_strategies query_ms=14.64 db=stock_data target=local collection=saved_strategies index=uniq_strategy_name error={'ok':_0.0,_'errmsg':_'Index_build_failed:_a0290da0-f935-4a0d-ab46-3e0509724fd5:_Collection_stock_data.saved_strategies_(_605cf89b-7fb8-4f8d-ae1a-81e8757ba529_)_::_caused_by_::_E11000_duplicate_key_error_collection:_stock_data.saved_strategies_index:_uniq_strategy_name_dup_key:_{_name:_"n_new"_}',_'code':_11000,_'codeName':_'DuplicateKey',_'keyPattern':_{'name':_1},_'keyValue':_{'name':_'n_new'}}
2026-05-04 05:23:37  WARNING   db_activity                          [DB INDEX WARN] db=stock_data target=local error=Index build failed: a0290da0-f935-4a0d-ab46-3e0509724fd5: Collection stock_data.saved_strategies ( 605cf89b-7fb8-4f8d-ae1a-81e8757ba529 ) :: caused by :: E11000 duplicate key error collection: stock_data.saved_strategies index: uniq_strategy_name dup key: { name: "n new" }, full error: {'ok': 0.0, 'errmsg': 'Index build failed: a0290da0-f935-4a0d-ab46-3e0509724fd5: Collection stock_data.saved_strategies ( 605cf89b-7fb8-4f8d-ae1a-81e8757ba529 ) :: caused by :: E11000 duplicate key error collection: stock_data.saved_strategies index: uniq_strategy_name dup key: { name: "n new" }', 'code': 11000, 'codeName': 'DuplicateKey', 'keyPattern': {'name': 1}, 'keyValue': {'name': 'n new'}}
2026-05-04 05:32:29  WARNING   features.execution_socket            [ENTRY IV/VIX] leg=k49do8lv mode=algo-backtest chain_doc_iv=0.1550362 mode_payload_chain_iv=0.0 entry_iv=0.1550362 entry_vix=12.7 chain_doc_keys=['close', 'delta', 'expiry', 'gamma', 'iv', 'oi', 'rho', 'strike', 'theta', 'timestamp', 'token', 'type', 'underlying', 'vega', 'ltp', 'current_price', 'price', 'last_price']
2026-05-04 05:32:29  WARNING   features.execution_socket            [ENTRY IV/VIX] leg=ttx2772l mode=algo-backtest chain_doc_iv=0.1550362 mode_payload_chain_iv=0.0 entry_iv=0.1550362 entry_vix=12.7 chain_doc_keys=['close', 'delta', 'expiry', 'gamma', 'iv', 'oi', 'rho', 'strike', 'theta', 'timestamp', 'token', 'type', 'underlying', 'vega', 'ltp', 'current_price', 'price', 'last_price']
2026-05-04 05:37:54  WARNING   features.execution_socket            [ENTRY IV/VIX] leg=k49do8lv mode=algo-backtest chain_doc_iv=0.1550362 mode_payload_chain_iv=0.0 entry_iv=0.1550362 entry_vix=12.7 chain_doc_keys=['close', 'delta', 'expiry', 'gamma', 'iv', 'oi', 'rho', 'strike', 'theta', 'timestamp', 'token', 'type', 'underlying', 'vega', 'ltp', 'current_price', 'price', 'last_price']
2026-05-04 05:37:54  WARNING   features.execution_socket            [ENTRY IV/VIX] leg=ttx2772l mode=algo-backtest chain_doc_iv=0.1550362 mode_payload_chain_iv=0.0 entry_iv=0.1550362 entry_vix=12.7 chain_doc_keys=['close', 'delta', 'expiry', 'gamma', 'iv', 'oi', 'rho', 'strike', 'theta', 'timestamp', 'token', 'type', 'underlying', 'vega', 'ltp', 'current_price', 'price', 'last_price']
2026-05-04 05:48:33  WARNING   features.execution_socket            [ENTRY IV/VIX] leg=k49do8lv mode=algo-backtest chain_doc_iv=0.15952313 mode_payload_chain_iv=0.0 entry_iv=0.15952313 entry_vix=12.79 chain_doc_keys=['close', 'delta', 'expiry', 'gamma', 'iv', 'oi', 'rho', 'strike', 'theta', 'timestamp', 'token', 'type', 'underlying', 'vega', 'ltp', 'current_price', 'price', 'last_price']
2026-05-04 05:48:33  WARNING   features.execution_socket            [ENTRY IV/VIX] leg=ttx2772l mode=algo-backtest chain_doc_iv=0.15952313 mode_payload_chain_iv=0.0 entry_iv=0.15952313 entry_vix=12.79 chain_doc_keys=['close', 'delta', 'expiry', 'gamma', 'iv', 'oi', 'rho', 'strike', 'theta', 'timestamp', 'token', 'type', 'underlying', 'vega', 'ltp', 'current_price', 'price', 'last_price']
2026-05-04 05:48:33  WARNING   features.execution_socket            [ENTRY IV/VIX] leg=u2xwkkqr mode=algo-backtest chain_doc_iv=0.16025537 mode_payload_chain_iv=0.0 entry_iv=0.16025537 entry_vix=12.79 chain_doc_keys=['_id', 'close', 'delta', 'expiry', 'gamma', 'iv', 'oi', 'rho', 'strike', 'theta', 'timestamp', 'token', 'type', 'underlying', 'vega', 'ltp', 'current_price', 'price', 'last_price']
2026-05-04 05:48:34  WARNING   features.execution_socket            [ENTRY IV/VIX] leg=dw2x06yz mode=algo-backtest chain_doc_iv=0.1587613 mode_payload_chain_iv=0.0 entry_iv=0.1587613 entry_vix=12.79 chain_doc_keys=['_id', 'close', 'delta', 'expiry', 'gamma', 'iv', 'oi', 'rho', 'strike', 'theta', 'timestamp', 'token', 'type', 'underlying', 'vega', 'ltp', 'current_price', 'price', 'last_price']
2026-05-04 06:01:46  WARNING   features.execution_socket            [ENTRY IV/VIX] leg=k49do8lv mode=algo-backtest chain_doc_iv=0.1550362 mode_payload_chain_iv=0.0 entry_iv=0.1550362 entry_vix=12.7 chain_doc_keys=['close', 'delta', 'expiry', 'gamma', 'iv', 'oi', 'rho', 'strike', 'theta', 'timestamp', 'token', 'type', 'underlying', 'vega', 'ltp', 'current_price', 'price', 'last_price']
2026-05-04 06:01:46  WARNING   features.execution_socket            [ENTRY IV/VIX] leg=ttx2772l mode=algo-backtest chain_doc_iv=0.1550362 mode_payload_chain_iv=0.0 entry_iv=0.1550362 entry_vix=12.7 chain_doc_keys=['close', 'delta', 'expiry', 'gamma', 'iv', 'oi', 'rho', 'strike', 'theta', 'timestamp', 'token', 'type', 'underlying', 'vega', 'ltp', 'current_price', 'price', 'last_price']
2026-05-04 06:12:28  WARNING   features.execution_socket            [ENTRY IV/VIX] leg=k49do8lv mode=algo-backtest chain_doc_iv=0.14996076 mode_payload_chain_iv=0.0 entry_iv=0.14996076 entry_vix=12.74 chain_doc_keys=['close', 'delta', 'expiry', 'gamma', 'iv', 'oi', 'rho', 'strike', 'theta', 'timestamp', 'token', 'type', 'underlying', 'vega', 'ltp', 'current_price', 'price', 'last_price']
2026-05-04 06:12:28  WARNING   features.execution_socket            [ENTRY IV/VIX] leg=ttx2772l mode=algo-backtest chain_doc_iv=0.14996076 mode_payload_chain_iv=0.0 entry_iv=0.14996076 entry_vix=12.74 chain_doc_keys=['close', 'delta', 'expiry', 'gamma', 'iv', 'oi', 'rho', 'strike', 'theta', 'timestamp', 'token', 'type', 'underlying', 'vega', 'ltp', 'current_price', 'price', 'last_price']
2026-05-04 06:26:22  WARNING   features.execution_socket            [ENTRY IV/VIX] leg=k49do8lv mode=algo-backtest chain_doc_iv=0.1550362 mode_payload_chain_iv=0.0 entry_iv=0.1550362 entry_vix=12.7 chain_doc_keys=['close', 'delta', 'expiry', 'gamma', 'iv', 'oi', 'rho', 'strike', 'theta', 'timestamp', 'token', 'type', 'underlying', 'vega', 'ltp', 'current_price', 'price', 'last_price']
2026-05-04 06:26:22  WARNING   features.execution_socket            [ENTRY IV/VIX] leg=ttx2772l mode=algo-backtest chain_doc_iv=0.1550362 mode_payload_chain_iv=0.0 entry_iv=0.1550362 entry_vix=12.7 chain_doc_keys=['close', 'delta', 'expiry', 'gamma', 'iv', 'oi', 'rho', 'strike', 'theta', 'timestamp', 'token', 'type', 'underlying', 'vega', 'ltp', 'current_price', 'price', 'last_price']
2026-05-04 06:33:06  WARNING   features.execution_socket            [ENTRY IV/VIX] leg=k49do8lv mode=algo-backtest chain_doc_iv=0.15476112 mode_payload_chain_iv=0.0 entry_iv=0.15476112 entry_vix=12.75 chain_doc_keys=['close', 'delta', 'expiry', 'gamma', 'iv', 'oi', 'rho', 'strike', 'theta', 'timestamp', 'token', 'type', 'underlying', 'vega', 'ltp', 'current_price', 'price', 'last_price']
2026-05-04 06:33:06  WARNING   features.execution_socket            [ENTRY IV/VIX] leg=ttx2772l mode=algo-backtest chain_doc_iv=0.15476112 mode_payload_chain_iv=0.0 entry_iv=0.15476112 entry_vix=12.75 chain_doc_keys=['close', 'delta', 'expiry', 'gamma', 'iv', 'oi', 'rho', 'strike', 'theta', 'timestamp', 'token', 'type', 'underlying', 'vega', 'ltp', 'current_price', 'price', 'last_price']
2026-05-04 06:42:13  WARNING   features.execution_socket            [ENTRY IV/VIX] leg=k49do8lv mode=algo-backtest chain_doc_iv=0.1550362 mode_payload_chain_iv=0.0 entry_iv=0.1550362 entry_vix=12.7 chain_doc_keys=['close', 'delta', 'expiry', 'gamma', 'iv', 'oi', 'rho', 'strike', 'theta', 'timestamp', 'token', 'type', 'underlying', 'vega', 'ltp', 'current_price', 'price', 'last_price']
2026-05-04 06:42:13  WARNING   features.execution_socket            [ENTRY IV/VIX] leg=ttx2772l mode=algo-backtest chain_doc_iv=0.1550362 mode_payload_chain_iv=0.0 entry_iv=0.1550362 entry_vix=12.7 chain_doc_keys=['close', 'delta', 'expiry', 'gamma', 'iv', 'oi', 'rho', 'strike', 'theta', 'timestamp', 'token', 'type', 'underlying', 'vega', 'ltp', 'current_price', 'price', 'last_price']
2026-05-04 06:43:01  WARNING   features.execution_socket            [ENTRY IV/VIX] leg=k49do8lv mode=algo-backtest chain_doc_iv=0.15952313 mode_payload_chain_iv=0.0 entry_iv=0.15952313 entry_vix=12.79 chain_doc_keys=['close', 'delta', 'expiry', 'gamma', 'iv', 'oi', 'rho', 'strike', 'theta', 'timestamp', 'token', 'type', 'underlying', 'vega', 'ltp', 'current_price', 'price', 'last_price']
2026-05-04 06:43:01  WARNING   features.execution_socket            [ENTRY IV/VIX] leg=ttx2772l mode=algo-backtest chain_doc_iv=0.15952313 mode_payload_chain_iv=0.0 entry_iv=0.15952313 entry_vix=12.79 chain_doc_keys=['close', 'delta', 'expiry', 'gamma', 'iv', 'oi', 'rho', 'strike', 'theta', 'timestamp', 'token', 'type', 'underlying', 'vega', 'ltp', 'current_price', 'price', 'last_price']
2026-05-04 08:40:44  ERROR     db_activity                          [DB QUERY ERROR] method=replSetGetStatus collection=1 query_ms=17.44 db=admin target=local error={'ok':_0.0,_'errmsg':_'not_running_with_--replSet',_'code':_76,_'codeName':_'NoReplicationEnabled'}
2026-05-04 08:40:44  ERROR     kiteconnect.ticker                   Connection error: 1006 - connection was closed uncleanly (WebSocket connection upgrade failed (403 - Forbidden))
2026-05-04 08:40:44  ERROR     features.kite_broker_ws              [KiteWSManager] error code=1006 reason=connection was closed uncleanly (WebSocket connection upgrade failed (403 - Forbidden))
2026-05-04 08:40:44  ERROR     kiteconnect.ticker                   Connection closed: 1006 - connection was closed uncleanly (WebSocket connection upgrade failed (403 - Forbidden))
2026-05-04 08:40:44  WARNING   features.kite_broker_ws              [KiteWSManager] closed code=1006 reason=connection was closed uncleanly (WebSocket connection upgrade failed (403 - Forbidden))
2026-05-04 08:40:47  WARNING   features.live_option_chain           [LIVE CHAIN] leg=gtdcfv1e quote batch[0] error: Incorrect `api_key` or `access_token`.
2026-05-04 08:40:47  WARNING   features.live_option_chain           [LIVE SELECT] leg=4ktv4h5a straddle=0 — skipping
2026-05-04 08:40:47  WARNING   features.delta_selector              [DELTA SELECT] leg=jun116vh no valid rows for ClosestDelta
2026-05-04 08:40:47  WARNING   features.delta_selector              [DELTA SELECT] leg=sksw1lwe no strikes in delta range 45%–70% — entry skipped
2026-05-04 08:40:47  ERROR     kiteconnect.ticker                   Connection error: 1006 - connection was closed uncleanly (WebSocket connection upgrade failed (403 - Forbidden))
2026-05-04 08:40:47  ERROR     features.kite_broker_ws              [KiteWSManager] error code=1006 reason=connection was closed uncleanly (WebSocket connection upgrade failed (403 - Forbidden))
2026-05-04 08:40:47  ERROR     kiteconnect.ticker                   Connection closed: 1006 - connection was closed uncleanly (WebSocket connection upgrade failed (403 - Forbidden))
2026-05-04 08:40:47  WARNING   features.kite_broker_ws              [KiteWSManager] closed code=1006 reason=connection was closed uncleanly (WebSocket connection upgrade failed (403 - Forbidden))
2026-05-04 08:40:50  WARNING   features.live_option_chain           [LIVE CHAIN] leg=581y3nxh quote batch[0] error: Incorrect `api_key` or `access_token`.
2026-05-04 08:40:55  ERROR     kiteconnect.ticker                   Connection error: 1006 - connection was closed uncleanly (WebSocket connection upgrade failed (403 - Forbidden))
2026-05-04 08:40:55  ERROR     features.kite_broker_ws              [KiteWSManager] error code=1006 reason=connection was closed uncleanly (WebSocket connection upgrade failed (403 - Forbidden))
2026-05-04 08:40:55  ERROR     kiteconnect.ticker                   Connection closed: 1006 - connection was closed uncleanly (WebSocket connection upgrade failed (403 - Forbidden))
2026-05-04 08:40:55  WARNING   features.kite_broker_ws              [KiteWSManager] closed code=1006 reason=connection was closed uncleanly (WebSocket connection upgrade failed (403 - Forbidden))
2026-05-04 08:41:04  ERROR     kiteconnect.ticker                   Connection closed: None - None
2026-05-04 08:41:18  ERROR     kiteconnect.ticker                   Connection error: 1006 - connection was closed uncleanly (WebSocket connection upgrade failed (403 - Forbidden))
2026-05-04 08:41:18  ERROR     features.kite_broker_ws              [KiteWSManager] error code=1006 reason=connection was closed uncleanly (WebSocket connection upgrade failed (403 - Forbidden))
2026-05-04 08:41:18  ERROR     kiteconnect.ticker                   Connection closed: 1006 - connection was closed uncleanly (WebSocket connection upgrade failed (403 - Forbidden))
2026-05-04 08:41:18  WARNING   features.kite_broker_ws              [KiteWSManager] closed code=1006 reason=connection was closed uncleanly (WebSocket connection upgrade failed (403 - Forbidden))
2026-05-04 08:42:16  ERROR     kiteconnect.ticker                   Connection error: 1006 - connection was closed uncleanly (WebSocket connection upgrade failed (403 - Forbidden))
2026-05-04 08:42:16  ERROR     features.kite_broker_ws              [KiteWSManager] error code=1006 reason=connection was closed uncleanly (WebSocket connection upgrade failed (403 - Forbidden))
2026-05-04 08:42:16  ERROR     kiteconnect.ticker                   Connection closed: 1006 - connection was closed uncleanly (WebSocket connection upgrade failed (403 - Forbidden))
2026-05-04 08:42:16  WARNING   features.kite_broker_ws              [KiteWSManager] closed code=1006 reason=connection was closed uncleanly (WebSocket connection upgrade failed (403 - Forbidden))
2026-05-04 08:43:22  ERROR     kiteconnect.ticker                   Connection error: 1006 - connection was closed uncleanly (WebSocket connection upgrade failed (403 - Forbidden))
2026-05-04 08:43:22  ERROR     features.kite_broker_ws              [KiteWSManager] error code=1006 reason=connection was closed uncleanly (WebSocket connection upgrade failed (403 - Forbidden))
2026-05-04 08:43:22  ERROR     kiteconnect.ticker                   Connection closed: 1006 - connection was closed uncleanly (WebSocket connection upgrade failed (403 - Forbidden))
2026-05-04 08:43:22  WARNING   features.kite_broker_ws              [KiteWSManager] closed code=1006 reason=connection was closed uncleanly (WebSocket connection upgrade failed (403 - Forbidden))
2026-05-04 08:44:24  ERROR     kiteconnect.ticker                   Connection error: 1006 - connection was closed uncleanly (WebSocket connection upgrade failed (403 - Forbidden))
2026-05-04 08:44:24  ERROR     features.kite_broker_ws              [KiteWSManager] error code=1006 reason=connection was closed uncleanly (WebSocket connection upgrade failed (403 - Forbidden))
2026-05-04 08:44:24  ERROR     kiteconnect.ticker                   Connection closed: 1006 - connection was closed uncleanly (WebSocket connection upgrade failed (403 - Forbidden))
2026-05-04 08:44:24  WARNING   features.kite_broker_ws              [KiteWSManager] closed code=1006 reason=connection was closed uncleanly (WebSocket connection upgrade failed (403 - Forbidden))
2026-05-04 08:44:44  ERROR     db_activity                          [DB QUERY ERROR] method=ensure_index collection=saved_strategies query_ms=15.43 db=stock_data target=local collection=saved_strategies index=uniq_strategy_name error={'ok':_0.0,_'errmsg':_'Index_build_failed:_45045f20-5c65-4fa6-92d8-79ea616d5747:_Collection_stock_data.saved_strategies_(_605cf89b-7fb8-4f8d-ae1a-81e8757ba529_)_::_caused_by_::_E11000_duplicate_key_error_collection:_stock_data.saved_strategies_index:_uniq_strategy_name_dup_key:_{_name:_"n_new"_}',_'code':_11000,_'codeName':_'DuplicateKey',_'keyPattern':_{'name':_1},_'keyValue':_{'name':_'n_new'}}
2026-05-04 08:44:44  WARNING   db_activity                          [DB INDEX WARN] db=stock_data target=local error=Index build failed: 45045f20-5c65-4fa6-92d8-79ea616d5747: Collection stock_data.saved_strategies ( 605cf89b-7fb8-4f8d-ae1a-81e8757ba529 ) :: caused by :: E11000 duplicate key error collection: stock_data.saved_strategies index: uniq_strategy_name dup key: { name: "n new" }, full error: {'ok': 0.0, 'errmsg': 'Index build failed: 45045f20-5c65-4fa6-92d8-79ea616d5747: Collection stock_data.saved_strategies ( 605cf89b-7fb8-4f8d-ae1a-81e8757ba529 ) :: caused by :: E11000 duplicate key error collection: stock_data.saved_strategies index: uniq_strategy_name dup key: { name: "n new" }', 'code': 11000, 'codeName': 'DuplicateKey', 'keyPattern': {'name': 1}, 'keyValue': {'name': 'n new'}}
2026-05-04 08:45:52  ERROR     db_activity                          [DB QUERY ERROR] method=replSetGetStatus collection=1 query_ms=0.24 db=admin target=local error={'ok':_0.0,_'errmsg':_'not_running_with_--replSet',_'code':_76,_'codeName':_'NoReplicationEnabled'}
2026-05-04 08:45:57  ERROR     kiteconnect.ticker                   Connection closed: None - None
2026-05-04 08:56:30  ERROR     db_activity                          [DB QUERY ERROR] method=ensure_index collection=saved_strategies query_ms=13.76 db=stock_data target=local collection=saved_strategies index=uniq_strategy_name error={'ok':_0.0,_'errmsg':_'Index_build_failed:_22733c91-9c88-4da0-a922-18f2146bf578:_Collection_stock_data.saved_strategies_(_605cf89b-7fb8-4f8d-ae1a-81e8757ba529_)_::_caused_by_::_E11000_duplicate_key_error_collection:_stock_data.saved_strategies_index:_uniq_strategy_name_dup_key:_{_name:_"n_new"_}',_'code':_11000,_'codeName':_'DuplicateKey',_'keyPattern':_{'name':_1},_'keyValue':_{'name':_'n_new'}}
2026-05-04 08:56:30  WARNING   db_activity                          [DB INDEX WARN] db=stock_data target=local error=Index build failed: 22733c91-9c88-4da0-a922-18f2146bf578: Collection stock_data.saved_strategies ( 605cf89b-7fb8-4f8d-ae1a-81e8757ba529 ) :: caused by :: E11000 duplicate key error collection: stock_data.saved_strategies index: uniq_strategy_name dup key: { name: "n new" }, full error: {'ok': 0.0, 'errmsg': 'Index build failed: 22733c91-9c88-4da0-a922-18f2146bf578: Collection stock_data.saved_strategies ( 605cf89b-7fb8-4f8d-ae1a-81e8757ba529 ) :: caused by :: E11000 duplicate key error collection: stock_data.saved_strategies index: uniq_strategy_name dup key: { name: "n new" }', 'code': 11000, 'codeName': 'DuplicateKey', 'keyPattern': {'name': 1}, 'keyValue': {'name': 'n new'}}
2026-05-04 08:56:53  ERROR     db_activity                          [DB QUERY ERROR] method=ensure_index collection=saved_strategies query_ms=13.32 db=stock_data target=local collection=saved_strategies index=uniq_strategy_name error={'ok':_0.0,_'errmsg':_'Index_build_failed:_d9fea460-ae00-408e-8df2-72c9d045ab9d:_Collection_stock_data.saved_strategies_(_605cf89b-7fb8-4f8d-ae1a-81e8757ba529_)_::_caused_by_::_E11000_duplicate_key_error_collection:_stock_data.saved_strategies_index:_uniq_strategy_name_dup_key:_{_name:_"n_new"_}',_'code':_11000,_'codeName':_'DuplicateKey',_'keyPattern':_{'name':_1},_'keyValue':_{'name':_'n_new'}}
2026-05-04 08:56:53  WARNING   db_activity                          [DB INDEX WARN] db=stock_data target=local error=Index build failed: d9fea460-ae00-408e-8df2-72c9d045ab9d: Collection stock_data.saved_strategies ( 605cf89b-7fb8-4f8d-ae1a-81e8757ba529 ) :: caused by :: E11000 duplicate key error collection: stock_data.saved_strategies index: uniq_strategy_name dup key: { name: "n new" }, full error: {'ok': 0.0, 'errmsg': 'Index build failed: d9fea460-ae00-408e-8df2-72c9d045ab9d: Collection stock_data.saved_strategies ( 605cf89b-7fb8-4f8d-ae1a-81e8757ba529 ) :: caused by :: E11000 duplicate key error collection: stock_data.saved_strategies index: uniq_strategy_name dup key: { name: "n new" }', 'code': 11000, 'codeName': 'DuplicateKey', 'keyPattern': {'name': 1}, 'keyValue': {'name': 'n new'}}
2026-05-04 08:59:53  ERROR     db_activity                          [DB QUERY ERROR] method=replSetGetStatus collection=1 query_ms=0.78 db=admin target=local error={'ok':_0.0,_'errmsg':_'not_running_with_--replSet',_'code':_76,_'codeName':_'NoReplicationEnabled'}
2026-05-04 09:00:32  ERROR     kiteconnect.ticker                   Connection closed: None - None
2026-05-04 09:04:27  ERROR     db_activity                          [DB QUERY ERROR] method=ensure_index collection=saved_strategies query_ms=14.82 db=stock_data target=local collection=saved_strategies index=uniq_strategy_name error={'ok':_0.0,_'errmsg':_'Index_build_failed:_5700083a-93e6-4cf7-84c3-20c07a55987f:_Collection_stock_data.saved_strategies_(_605cf89b-7fb8-4f8d-ae1a-81e8757ba529_)_::_caused_by_::_E11000_duplicate_key_error_collection:_stock_data.saved_strategies_index:_uniq_strategy_name_dup_key:_{_name:_"n_new"_}',_'code':_11000,_'codeName':_'DuplicateKey',_'keyPattern':_{'name':_1},_'keyValue':_{'name':_'n_new'}}
2026-05-04 09:04:27  WARNING   db_activity                          [DB INDEX WARN] db=stock_data target=local error=Index build failed: 5700083a-93e6-4cf7-84c3-20c07a55987f: Collection stock_data.saved_strategies ( 605cf89b-7fb8-4f8d-ae1a-81e8757ba529 ) :: caused by :: E11000 duplicate key error collection: stock_data.saved_strategies index: uniq_strategy_name dup key: { name: "n new" }, full error: {'ok': 0.0, 'errmsg': 'Index build failed: 5700083a-93e6-4cf7-84c3-20c07a55987f: Collection stock_data.saved_strategies ( 605cf89b-7fb8-4f8d-ae1a-81e8757ba529 ) :: caused by :: E11000 duplicate key error collection: stock_data.saved_strategies index: uniq_strategy_name dup key: { name: "n new" }', 'code': 11000, 'codeName': 'DuplicateKey', 'keyPattern': {'name': 1}, 'keyValue': {'name': 'n new'}}
2026-05-04 09:05:09  ERROR     db_activity                          [DB QUERY ERROR] method=ensure_index collection=saved_strategies query_ms=13.16 db=stock_data target=local collection=saved_strategies index=uniq_strategy_name error={'ok':_0.0,_'errmsg':_'Index_build_failed:_356ac10f-c740-45d1-9638-92a2da4bac2c:_Collection_stock_data.saved_strategies_(_605cf89b-7fb8-4f8d-ae1a-81e8757ba529_)_::_caused_by_::_E11000_duplicate_key_error_collection:_stock_data.saved_strategies_index:_uniq_strategy_name_dup_key:_{_name:_"n_new"_}',_'code':_11000,_'codeName':_'DuplicateKey',_'keyPattern':_{'name':_1},_'keyValue':_{'name':_'n_new'}}
2026-05-04 09:05:09  WARNING   db_activity                          [DB INDEX WARN] db=stock_data target=local error=Index build failed: 356ac10f-c740-45d1-9638-92a2da4bac2c: Collection stock_data.saved_strategies ( 605cf89b-7fb8-4f8d-ae1a-81e8757ba529 ) :: caused by :: E11000 duplicate key error collection: stock_data.saved_strategies index: uniq_strategy_name dup key: { name: "n new" }, full error: {'ok': 0.0, 'errmsg': 'Index build failed: 356ac10f-c740-45d1-9638-92a2da4bac2c: Collection stock_data.saved_strategies ( 605cf89b-7fb8-4f8d-ae1a-81e8757ba529 ) :: caused by :: E11000 duplicate key error collection: stock_data.saved_strategies index: uniq_strategy_name dup key: { name: "n new" }', 'code': 11000, 'codeName': 'DuplicateKey', 'keyPattern': {'name': 1}, 'keyValue': {'name': 'n new'}}
2026-05-04 09:10:52  ERROR     db_activity                          [DB QUERY ERROR] method=ensure_index collection=saved_strategies query_ms=13.8 db=stock_data target=local collection=saved_strategies index=uniq_strategy_name error={'ok':_0.0,_'errmsg':_'Index_build_failed:_887dcf01-b061-4f68-a776-028c355d14b8:_Collection_stock_data.saved_strategies_(_605cf89b-7fb8-4f8d-ae1a-81e8757ba529_)_::_caused_by_::_E11000_duplicate_key_error_collection:_stock_data.saved_strategies_index:_uniq_strategy_name_dup_key:_{_name:_"n_new"_}',_'code':_11000,_'codeName':_'DuplicateKey',_'keyPattern':_{'name':_1},_'keyValue':_{'name':_'n_new'}}
2026-05-04 09:10:52  WARNING   db_activity                          [DB INDEX WARN] db=stock_data target=local error=Index build failed: 887dcf01-b061-4f68-a776-028c355d14b8: Collection stock_data.saved_strategies ( 605cf89b-7fb8-4f8d-ae1a-81e8757ba529 ) :: caused by :: E11000 duplicate key error collection: stock_data.saved_strategies index: uniq_strategy_name dup key: { name: "n new" }, full error: {'ok': 0.0, 'errmsg': 'Index build failed: 887dcf01-b061-4f68-a776-028c355d14b8: Collection stock_data.saved_strategies ( 605cf89b-7fb8-4f8d-ae1a-81e8757ba529 ) :: caused by :: E11000 duplicate key error collection: stock_data.saved_strategies index: uniq_strategy_name dup key: { name: "n new" }', 'code': 11000, 'codeName': 'DuplicateKey', 'keyPattern': {'name': 1}, 'keyValue': {'name': 'n new'}}
2026-05-04 09:14:06  ERROR     db_activity                          [DB QUERY ERROR] method=ensure_index collection=saved_strategies query_ms=13.87 db=stock_data target=local collection=saved_strategies index=uniq_strategy_name error={'ok':_0.0,_'errmsg':_'Index_build_failed:_9247a4f3-82f3-453c-adb4-0b38de591d81:_Collection_stock_data.saved_strategies_(_605cf89b-7fb8-4f8d-ae1a-81e8757ba529_)_::_caused_by_::_E11000_duplicate_key_error_collection:_stock_data.saved_strategies_index:_uniq_strategy_name_dup_key:_{_name:_"n_new"_}',_'code':_11000,_'codeName':_'DuplicateKey',_'keyPattern':_{'name':_1},_'keyValue':_{'name':_'n_new'}}
2026-05-04 09:14:06  WARNING   db_activity                          [DB INDEX WARN] db=stock_data target=local error=Index build failed: 9247a4f3-82f3-453c-adb4-0b38de591d81: Collection stock_data.saved_strategies ( 605cf89b-7fb8-4f8d-ae1a-81e8757ba529 ) :: caused by :: E11000 duplicate key error collection: stock_data.saved_strategies index: uniq_strategy_name dup key: { name: "n new" }, full error: {'ok': 0.0, 'errmsg': 'Index build failed: 9247a4f3-82f3-453c-adb4-0b38de591d81: Collection stock_data.saved_strategies ( 605cf89b-7fb8-4f8d-ae1a-81e8757ba529 ) :: caused by :: E11000 duplicate key error collection: stock_data.saved_strategies index: uniq_strategy_name dup key: { name: "n new" }', 'code': 11000, 'codeName': 'DuplicateKey', 'keyPattern': {'name': 1}, 'keyValue': {'name': 'n new'}}
2026-05-04 09:14:34  ERROR     db_activity                          [DB QUERY ERROR] method=replSetGetStatus collection=1 query_ms=0.48 db=admin target=local error={'ok':_0.0,_'errmsg':_'not_running_with_--replSet',_'code':_76,_'codeName':_'NoReplicationEnabled'}
2026-05-04 09:16:08  ERROR     kiteconnect.ticker                   Connection closed: None - None
2026-05-04 09:17:30  ERROR     db_activity                          [DB QUERY ERROR] method=ensure_index collection=saved_strategies query_ms=13.02 db=stock_data target=local collection=saved_strategies index=uniq_strategy_name error={'ok':_0.0,_'errmsg':_'Index_build_failed:_0cfed882-af4b-4f88-8aee-81f891bbf43f:_Collection_stock_data.saved_strategies_(_605cf89b-7fb8-4f8d-ae1a-81e8757ba529_)_::_caused_by_::_E11000_duplicate_key_error_collection:_stock_data.saved_strategies_index:_uniq_strategy_name_dup_key:_{_name:_"n_new"_}',_'code':_11000,_'codeName':_'DuplicateKey',_'keyPattern':_{'name':_1},_'keyValue':_{'name':_'n_new'}}
2026-05-04 09:17:30  WARNING   db_activity                          [DB INDEX WARN] db=stock_data target=local error=Index build failed: 0cfed882-af4b-4f88-8aee-81f891bbf43f: Collection stock_data.saved_strategies ( 605cf89b-7fb8-4f8d-ae1a-81e8757ba529 ) :: caused by :: E11000 duplicate key error collection: stock_data.saved_strategies index: uniq_strategy_name dup key: { name: "n new" }, full error: {'ok': 0.0, 'errmsg': 'Index build failed: 0cfed882-af4b-4f88-8aee-81f891bbf43f: Collection stock_data.saved_strategies ( 605cf89b-7fb8-4f8d-ae1a-81e8757ba529 ) :: caused by :: E11000 duplicate key error collection: stock_data.saved_strategies index: uniq_strategy_name dup key: { name: "n new" }', 'code': 11000, 'codeName': 'DuplicateKey', 'keyPattern': {'name': 1}, 'keyValue': {'name': 'n new'}}
2026-05-04 09:17:52  ERROR     db_activity                          [DB QUERY ERROR] method=replSetGetStatus collection=1 query_ms=0.39 db=admin target=local error={'ok':_0.0,_'errmsg':_'not_running_with_--replSet',_'code':_76,_'codeName':_'NoReplicationEnabled'}
2026-05-04 09:17:56  ERROR     kiteconnect.ticker                   Connection closed: None - None
2026-05-04 09:44:22  ERROR     kiteconnect.ticker                   Connection closed: None - None
2026-05-04 10:58:59  ERROR     kiteconnect.ticker                   Connection closed: None - None
2026-05-04 12:06:35  ERROR     kiteconnect.ticker                   Connection error: 1006 - connection was closed uncleanly (None)
2026-05-04 12:06:35  ERROR     features.kite_ticker                 KiteTicker error: 1006 connection was closed uncleanly (None)
2026-05-04 12:06:35  ERROR     kiteconnect.ticker                   Connection closed: 1006 - connection was closed uncleanly (None)
2026-05-04 12:06:35  ERROR     kiteconnect.ticker                   Connection error: 1006 - connection was closed uncleanly (None)
2026-05-04 12:06:35  ERROR     features.kite_broker_ws              [KiteWSManager] error code=1006 reason=connection was closed uncleanly (None)
2026-05-04 12:06:35  ERROR     kiteconnect.ticker                   Connection closed: 1006 - connection was closed uncleanly (None)
2026-05-04 12:06:35  WARNING   features.kite_broker_ws              [KiteWSManager] closed code=1006 reason=connection was closed uncleanly (None)
2026-05-04 12:32:13  WARNING   features.spot_historical_data        [spot_hist] no VIX data for date=2026-05-04
2026-05-04 12:32:15  WARNING   features.spot_historical_data        [spot_hist] no VIX data for date=2026-05-04
2026-05-04 14:03:42  ERROR     kiteconnect.ticker                   Connection error: 1006 - connection was closed uncleanly (None)
2026-05-04 14:03:42  ERROR     features.kite_broker_ws              [KiteWSManager] error code=1006 reason=connection was closed uncleanly (None)
2026-05-04 14:03:42  ERROR     kiteconnect.ticker                   Connection closed: 1006 - connection was closed uncleanly (None)
2026-05-04 14:03:42  WARNING   features.kite_broker_ws              [KiteWSManager] closed code=1006 reason=connection was closed uncleanly (None)
2026-05-04 14:03:42  ERROR     kiteconnect.ticker                   Connection error: 1006 - connection was closed uncleanly (None)
2026-05-04 14:03:42  ERROR     features.kite_ticker                 KiteTicker error: 1006 connection was closed uncleanly (None)
2026-05-04 14:03:42  ERROR     kiteconnect.ticker                   Connection closed: 1006 - connection was closed uncleanly (None)
2026-05-04 14:03:44  ERROR     kiteconnect.ticker                   Retrying connection. Retry attempt count: 1. Next retry in around: 2 seconds
2026-05-04 14:03:45  ERROR     kiteconnect.ticker                   Retrying connection. Retry attempt count: 1. Next retry in around: 3 seconds
2026-05-04 15:10:33  ERROR     kiteconnect.ticker                   Connection error: 1006 - connection was closed uncleanly (None)
2026-05-04 15:10:33  ERROR     features.kite_broker_ws              [KiteWSManager] error code=1006 reason=connection was closed uncleanly (None)
2026-05-04 15:10:33  ERROR     kiteconnect.ticker                   Connection closed: 1006 - connection was closed uncleanly (None)
2026-05-04 15:10:33  WARNING   features.kite_broker_ws              [KiteWSManager] closed code=1006 reason=connection was closed uncleanly (None)
2026-05-04 15:10:33  ERROR     kiteconnect.ticker                   Connection error: 1006 - connection was closed uncleanly (None)
2026-05-04 15:10:33  ERROR     features.kite_ticker                 KiteTicker error: 1006 connection was closed uncleanly (None)
2026-05-04 15:10:33  ERROR     kiteconnect.ticker                   Connection closed: 1006 - connection was closed uncleanly (None)
2026-05-04 15:10:36  ERROR     kiteconnect.ticker                   Retrying connection. Retry attempt count: 1. Next retry in around: 2 seconds
2026-05-04 15:10:36  ERROR     kiteconnect.ticker                   Retrying connection. Retry attempt count: 1. Next retry in around: 2 seconds
